Flow report for comp4bits
Sun Nov 25 20:50:00 2012
Quartus II 32-bit Version 12.0 Build 263 08/02/2012 Service Pack 2 SJ Web Edition


---------------------
; Table of Contents ;
---------------------
  1. Legal Notice
  2. Flow Summary
  3. Flow Settings
  4. Flow Non-Default Global Settings
  5. Flow Elapsed Time
  6. Flow OS Summary
  7. Flow Log



----------------
; Legal Notice ;
----------------
Copyright (C) 1991-2012 Altera Corporation
Your use of Altera Corporation's design tools, logic functions 
and other software and tools, and its AMPP partner logic 
functions, and any output files from any of the foregoing 
(including device programming or simulation files), and any 
associated documentation or information are expressly subject 
to the terms and conditions of the Altera Program License 
Subscription Agreement, Altera MegaCore Function License 
Agreement, or other applicable license agreement, including, 
without limitation, that your use is for the sole purpose of 
programming logic devices manufactured by Altera and sold by 
Altera or its authorized distributors.  Please refer to the 
applicable agreement for further details.



+------------------------------------------------------------------------------------+
; Flow Summary                                                                       ;
+------------------------------------+-----------------------------------------------+
; Flow Status                        ; Successful - Sun Nov 25 20:50:00 2012         ;
; Quartus II 32-bit Version          ; 12.0 Build 263 08/02/2012 SP 2 SJ Web Edition ;
; Revision Name                      ; comp4bits                                     ;
; Top-level Entity Name              ; comp4bits                                     ;
; Family                             ; Cyclone II                                    ;
; Total logic elements               ; 3 / 4,608 ( < 1 % )                           ;
;     Total combinational functions  ; 3 / 4,608 ( < 1 % )                           ;
;     Dedicated logic registers      ; 0 / 4,608 ( 0 % )                             ;
; Total registers                    ; 0                                             ;
; Total pins                         ; 9 / 89 ( 10 % )                               ;
; Total virtual pins                 ; 0                                             ;
; Total memory bits                  ; 0 / 119,808 ( 0 % )                           ;
; Embedded Multiplier 9-bit elements ; 0 / 26 ( 0 % )                                ;
; Total PLLs                         ; 0 / 2 ( 0 % )                                 ;
; Device                             ; EP2C5T144C6                                   ;
; Timing Models                      ; Final                                         ;
+------------------------------------+-----------------------------------------------+


+-----------------------------------------+
; Flow Settings                           ;
+-------------------+---------------------+
; Option            ; Setting             ;
+-------------------+---------------------+
; Start date & time ; 11/25/2012 20:49:41 ;
; Main task         ; Compilation         ;
; Revision Name     ; comp4bits           ;
+-------------------+---------------------+


+-------------------------------------------------------------------------------------------------------------------+
; Flow Non-Default Global Settings                                                                                  ;
+-------------------------------------+------------------------------+---------------+-------------+----------------+
; Assignment Name                     ; Value                        ; Default Value ; Entity Name ; Section Id     ;
+-------------------------------------+------------------------------+---------------+-------------+----------------+
; COMPILER_SIGNATURE_ID               ; 121370022648.135388378103192 ; --            ; --          ; --             ;
; EDA_OUTPUT_DATA_FORMAT              ; Vhdl                         ; --            ; --          ; eda_simulation ;
; EDA_RUN_TOOL_AUTOMATICALLY          ; On                           ; --            ; --          ; eda_simulation ;
; EDA_SIMULATION_TOOL                 ; ModelSim-Altera (VHDL)       ; <None>        ; --          ; --             ;
; PARTITION_COLOR                     ; 16764057                     ; --            ; --          ; Top            ;
; PARTITION_FITTER_PRESERVATION_LEVEL ; PLACEMENT_AND_ROUTING        ; --            ; --          ; Top            ;
; PARTITION_NETLIST_TYPE              ; SOURCE                       ; --            ; --          ; Top            ;
+-------------------------------------+------------------------------+---------------+-------------+----------------+


+-------------------------------------------------------------------------------------------------------------------------------+
; Flow Elapsed Time                                                                                                             ;
+---------------------------+--------------+-------------------------+---------------------+------------------------------------+
; Module Name               ; Elapsed Time ; Average Processors Used ; Peak Virtual Memory ; Total CPU Time (on all processors) ;
+---------------------------+--------------+-------------------------+---------------------+------------------------------------+
; Analysis & Synthesis      ; 00:00:04     ; 1.0                     ; 313 MB              ; 00:00:03                           ;
; Fitter                    ; 00:00:04     ; 1.0                     ; 341 MB              ; 00:00:04                           ;
; Assembler                 ; 00:00:03     ; 1.0                     ; 292 MB              ; 00:00:02                           ;
; TimeQuest Timing Analyzer ; 00:00:04     ; 1.0                     ; 268 MB              ; 00:00:02                           ;
; EDA Netlist Writer        ; 00:00:01     ; 1.0                     ; 249 MB              ; 00:00:01                           ;
; Total                     ; 00:00:16     ; --                      ; --                  ; 00:00:12                           ;
+---------------------------+--------------+-------------------------+---------------------+------------------------------------+


+----------------------------------------------------------------------------------------+
; Flow OS Summary                                                                        ;
+---------------------------+------------------+-----------+------------+----------------+
; Module Name               ; Machine Hostname ; OS Name   ; OS Version ; Processor type ;
+---------------------------+------------------+-----------+------------+----------------+
; Analysis & Synthesis      ; EDUARDOMARQ8CC2  ; Windows 7 ; 6.1        ; i686           ;
; Fitter                    ; EDUARDOMARQ8CC2  ; Windows 7 ; 6.1        ; i686           ;
; Assembler                 ; EDUARDOMARQ8CC2  ; Windows 7 ; 6.1        ; i686           ;
; TimeQuest Timing Analyzer ; EDUARDOMARQ8CC2  ; Windows 7 ; 6.1        ; i686           ;
; EDA Netlist Writer        ; EDUARDOMARQ8CC2  ; Windows 7 ; 6.1        ; i686           ;
+---------------------------+------------------+-----------+------------+----------------+


------------
; Flow Log ;
------------
quartus_map --read_settings_files=on --write_settings_files=off comp4bits -c comp4bits
quartus_fit --read_settings_files=off --write_settings_files=off comp4bits -c comp4bits
quartus_asm --read_settings_files=off --write_settings_files=off comp4bits -c comp4bits
quartus_sta comp4bits -c comp4bits
quartus_eda --read_settings_files=off --write_settings_files=off comp4bits -c comp4bits



