Flow report for mips_uni
Wed Apr 17 11:19:49 2013
Quartus II 64-Bit Version 12.1 Build 177 11/07/2012 SJ Web Edition


---------------------
; Table of Contents ;
---------------------
  1. Legal Notice
  2. Flow Summary
  3. Flow Settings
  4. Flow Non-Default Global Settings
  5. Flow Elapsed Time
  6. Flow OS Summary
  7. Flow Log



----------------
; Legal Notice ;
----------------
Copyright (C) 1991-2012 Altera Corporation
Your use of Altera Corporation's design tools, logic functions 
and other software and tools, and its AMPP partner logic 
functions, and any output files from any of the foregoing 
(including device programming or simulation files), and any 
associated documentation or information are expressly subject 
to the terms and conditions of the Altera Program License 
Subscription Agreement, Altera MegaCore Function License 
Agreement, or other applicable license agreement, including, 
without limitation, that your use is for the sole purpose of 
programming logic devices manufactured by Altera and sold by 
Altera or its authorized distributors.  Please refer to the 
applicable agreement for further details.



+-------------------------------------------------------------------------------+
; Flow Summary                                                                  ;
+------------------------------------+------------------------------------------+
; Flow Status                        ; Successful - Sun Mar 31 19:30:08 2013    ;
; Quartus II 64-Bit Version          ; 12.1 Build 177 11/07/2012 SJ Web Edition ;
; Revision Name                      ; mips_uni                                 ;
; Top-level Entity Name              ; mips_uni                                 ;
; Family                             ; Cyclone II                               ;
; Device                             ; EP2C70F896C6                             ;
; Timing Models                      ; Final                                    ;
; Total logic elements               ; 2,155 / 68,416 ( 3 % )                   ;
;     Total combinational functions  ; 1,796 / 68,416 ( 3 % )                   ;
;     Dedicated logic registers      ; 1,055 / 68,416 ( 2 % )                   ;
; Total registers                    ; 1055                                     ;
; Total pins                         ; 35 / 622 ( 6 % )                         ;
; Total virtual pins                 ; 0                                        ;
; Total memory bits                  ; 16,384 / 1,152,000 ( 1 % )               ;
; Embedded Multiplier 9-bit elements ; 0 / 300 ( 0 % )                          ;
; Total PLLs                         ; 0 / 4 ( 0 % )                            ;
+------------------------------------+------------------------------------------+


+-----------------------------------------+
; Flow Settings                           ;
+-------------------+---------------------+
; Option            ; Setting             ;
+-------------------+---------------------+
; Start date & time ; 03/31/2013 19:29:08 ;
; Main task         ; Compilation         ;
; Revision Name     ; mips_uni            ;
+-------------------+---------------------+


+-----------------------------------------------------------------------------------------------------------------------+
; Flow Non-Default Global Settings                                                                                      ;
+--------------------------------------+---------------------------------+---------------+-------------+----------------+
; Assignment Name                      ; Value                           ; Default Value ; Entity Name ; Section Id     ;
+--------------------------------------+---------------------------------+---------------+-------------+----------------+
; COMPILER_SIGNATURE_ID                ; 101801957810112.136476894802424 ; --            ; --          ; --             ;
; EDA_DESIGN_INSTANCE_NAME             ; uut                             ; --            ; --          ; mips_tb        ;
; EDA_NATIVELINK_SIMULATION_TEST_BENCH ; mips_tb                         ; --            ; --          ; eda_simulation ;
; EDA_OUTPUT_DATA_FORMAT               ; Vhdl                            ; --            ; --          ; eda_simulation ;
; EDA_SIMULATION_TOOL                  ; ModelSim-Altera (VHDL)          ; <None>        ; --          ; --             ;
; EDA_TEST_BENCH_ENABLE_STATUS         ; TEST_BENCH_MODE                 ; --            ; --          ; eda_simulation ;
; EDA_TEST_BENCH_FILE                  ; mips_tb.vhd                     ; --            ; --          ; mips_tb        ;
; EDA_TEST_BENCH_MODULE_NAME           ; mips_tb                         ; --            ; --          ; mips_tb        ;
; EDA_TEST_BENCH_NAME                  ; mips_tb                         ; --            ; --          ; eda_simulation ;
; EDA_TEST_BENCH_RUN_SIM_FOR           ; 1000 ps                         ; --            ; --          ; mips_tb        ;
; IP_TOOL_NAME                         ; RAM: 1-PORT                     ; --            ; --          ; --             ;
; IP_TOOL_VERSION                      ; 12.1                            ; --            ; --          ; --             ;
; MAX_CORE_JUNCTION_TEMP               ; 85                              ; --            ; --          ; --             ;
; MIN_CORE_JUNCTION_TEMP               ; 0                               ; --            ; --          ; --             ;
; MISC_FILE                            ; data_mem.cmp                    ; --            ; --          ; --             ;
; PARTITION_COLOR                      ; 16764057                        ; --            ; --          ; Top            ;
; PARTITION_FITTER_PRESERVATION_LEVEL  ; PLACEMENT_AND_ROUTING           ; --            ; --          ; Top            ;
; PARTITION_NETLIST_TYPE               ; SOURCE                          ; --            ; --          ; Top            ;
+--------------------------------------+---------------------------------+---------------+-------------+----------------+


+-------------------------------------------------------------------------------------------------------------------------------+
; Flow Elapsed Time                                                                                                             ;
+---------------------------+--------------+-------------------------+---------------------+------------------------------------+
; Module Name               ; Elapsed Time ; Average Processors Used ; Peak Virtual Memory ; Total CPU Time (on all processors) ;
+---------------------------+--------------+-------------------------+---------------------+------------------------------------+
; Analysis & Synthesis      ; 00:00:10     ; 1.0                     ; 516 MB              ; 00:00:07                           ;
; Fitter                    ; 00:00:34     ; 1.0                     ; 700 MB              ; 00:00:31                           ;
; Assembler                 ; 00:00:04     ; 1.0                     ; 452 MB              ; 00:00:04                           ;
; TimeQuest Timing Analyzer ; 00:00:03     ; 1.0                     ; 427 MB              ; 00:00:02                           ;
; EDA Netlist Writer        ; 00:00:02     ; 1.0                     ; 418 MB              ; 00:00:02                           ;
; TimeQuest Timing Analyzer ; 00:00:04     ; 1.0                     ; 426 MB              ; 00:00:03                           ;
; Total                     ; 00:00:57     ; --                      ; --                  ; 00:00:49                           ;
+---------------------------+--------------+-------------------------+---------------------+------------------------------------+


+----------------------------------------------------------------------------------------+
; Flow OS Summary                                                                        ;
+---------------------------+------------------+-----------+------------+----------------+
; Module Name               ; Machine Hostname ; OS Name   ; OS Version ; Processor type ;
+---------------------------+------------------+-----------+------------+----------------+
; Analysis & Synthesis      ; Janelas          ; Windows 7 ; 6.1        ; x86_64         ;
; Fitter                    ; Janelas          ; Windows 7 ; 6.1        ; x86_64         ;
; Assembler                 ; Janelas          ; Windows 7 ; 6.1        ; x86_64         ;
; TimeQuest Timing Analyzer ; Janelas          ; Windows 7 ; 6.1        ; x86_64         ;
; EDA Netlist Writer        ; Janelas          ; Windows 7 ; 6.1        ; x86_64         ;
; TimeQuest Timing Analyzer ; Janelas          ; Windows 7 ; 6.1        ; x86_64         ;
+---------------------------+------------------+-----------+------------+----------------+


------------
; Flow Log ;
------------
quartus_map --read_settings_files=on --write_settings_files=off mips_uni -c mips_uni
quartus_fit --read_settings_files=off --write_settings_files=off mips_uni -c mips_uni
quartus_asm --read_settings_files=off --write_settings_files=off mips_uni -c mips_uni
quartus_sta mips_uni -c mips_uni
quartus_eda --read_settings_files=off --write_settings_files=off mips_uni -c mips_uni
quartus_sta mips_uni -c mips_uni



