Analysis & Synthesis report for semaphore
Tue Feb 05 12:13:58 2013
Quartus II 32-bit Version 12.0 Build 263 08/02/2012 Service Pack 2 SJ Web Edition


---------------------
; Table of Contents ;
---------------------
  1. Legal Notice
  2. Analysis & Synthesis Summary
  3. Analysis & Synthesis Settings
  4. Analysis & Synthesis Messages



----------------
; Legal Notice ;
----------------
Copyright (C) 1991-2012 Altera Corporation
Your use of Altera Corporation's design tools, logic functions 
and other software and tools, and its AMPP partner logic 
functions, and any output files from any of the foregoing 
(including device programming or simulation files), and any 
associated documentation or information are expressly subject 
to the terms and conditions of the Altera Program License 
Subscription Agreement, Altera MegaCore Function License 
Agreement, or other applicable license agreement, including, 
without limitation, that your use is for the sole purpose of 
programming logic devices manufactured by Altera and sold by 
Altera or its authorized distributors.  Please refer to the 
applicable agreement for further details.



+------------------------------------------------------------------------------------+
; Analysis & Synthesis Summary                                                       ;
+------------------------------------+-----------------------------------------------+
; Analysis & Synthesis Status        ; Failed - Tue Feb 05 12:13:58 2013             ;
; Quartus II 32-bit Version          ; 12.0 Build 263 08/02/2012 SP 2 SJ Web Edition ;
; Revision Name                      ; semaphore                                     ;
; Top-level Entity Name              ; semaphore                                     ;
; Family                             ; Cyclone IV E                                  ;
; Total logic elements               ; N/A until Partition Merge                     ;
;     Total combinational functions  ; N/A until Partition Merge                     ;
;     Dedicated logic registers      ; N/A until Partition Merge                     ;
; Total registers                    ; N/A until Partition Merge                     ;
; Total pins                         ; N/A until Partition Merge                     ;
; Total virtual pins                 ; N/A until Partition Merge                     ;
; Total memory bits                  ; N/A until Partition Merge                     ;
; Embedded Multiplier 9-bit elements ; N/A until Partition Merge                     ;
; Total PLLs                         ; N/A until Partition Merge                     ;
+------------------------------------+-----------------------------------------------+


+----------------------------------------------------------------------------------------------------------------------+
; Analysis & Synthesis Settings                                                                                        ;
+----------------------------------------------------------------------------+--------------------+--------------------+
; Option                                                                     ; Setting            ; Default Value      ;
+----------------------------------------------------------------------------+--------------------+--------------------+
; Device                                                                     ; EP4CE22F17C6       ;                    ;
; Top-level entity name                                                      ; semaphore          ; semaphore          ;
; Family name                                                                ; Cyclone IV E       ; Cyclone IV GX      ;
; Use smart compilation                                                      ; Off                ; Off                ;
; Enable parallel Assembler and TimeQuest Timing Analyzer during compilation ; On                 ; On                 ;
; Enable compact report table                                                ; Off                ; Off                ;
; Restructure Multiplexers                                                   ; Auto               ; Auto               ;
; Create Debugging Nodes for IP Cores                                        ; Off                ; Off                ;
; Preserve fewer node names                                                  ; On                 ; On                 ;
; Disable OpenCore Plus hardware evaluation                                  ; Off                ; Off                ;
; Verilog Version                                                            ; Verilog_2001       ; Verilog_2001       ;
; VHDL Version                                                               ; VHDL_1993          ; VHDL_1993          ;
; State Machine Processing                                                   ; Auto               ; Auto               ;
; Safe State Machine                                                         ; Off                ; Off                ;
; Extract Verilog State Machines                                             ; On                 ; On                 ;
; Extract VHDL State Machines                                                ; On                 ; On                 ;
; Ignore Verilog initial constructs                                          ; Off                ; Off                ;
; Iteration limit for constant Verilog loops                                 ; 5000               ; 5000               ;
; Iteration limit for non-constant Verilog loops                             ; 250                ; 250                ;
; Add Pass-Through Logic to Inferred RAMs                                    ; On                 ; On                 ;
; Infer RAMs from Raw Logic                                                  ; On                 ; On                 ;
; Parallel Synthesis                                                         ; On                 ; On                 ;
; DSP Block Balancing                                                        ; Auto               ; Auto               ;
; NOT Gate Push-Back                                                         ; On                 ; On                 ;
; Power-Up Don't Care                                                        ; On                 ; On                 ;
; Remove Redundant Logic Cells                                               ; Off                ; Off                ;
; Remove Duplicate Registers                                                 ; On                 ; On                 ;
; Ignore CARRY Buffers                                                       ; Off                ; Off                ;
; Ignore CASCADE Buffers                                                     ; Off                ; Off                ;
; Ignore GLOBAL Buffers                                                      ; Off                ; Off                ;
; Ignore ROW GLOBAL Buffers                                                  ; Off                ; Off                ;
; Ignore LCELL Buffers                                                       ; Off                ; Off                ;
; Ignore SOFT Buffers                                                        ; On                 ; On                 ;
; Limit AHDL Integers to 32 Bits                                             ; Off                ; Off                ;
; Optimization Technique                                                     ; Balanced           ; Balanced           ;
; Carry Chain Length                                                         ; 70                 ; 70                 ;
; Auto Carry Chains                                                          ; On                 ; On                 ;
; Auto Open-Drain Pins                                                       ; On                 ; On                 ;
; Perform WYSIWYG Primitive Resynthesis                                      ; Off                ; Off                ;
; Auto ROM Replacement                                                       ; On                 ; On                 ;
; Auto RAM Replacement                                                       ; On                 ; On                 ;
; Auto DSP Block Replacement                                                 ; On                 ; On                 ;
; Auto Shift Register Replacement                                            ; Auto               ; Auto               ;
; Allow Shift Register Merging across Hierarchies                            ; Auto               ; Auto               ;
; Auto Clock Enable Replacement                                              ; On                 ; On                 ;
; Strict RAM Replacement                                                     ; Off                ; Off                ;
; Allow Synchronous Control Signals                                          ; On                 ; On                 ;
; Force Use of Synchronous Clear Signals                                     ; Off                ; Off                ;
; Auto RAM Block Balancing                                                   ; On                 ; On                 ;
; Auto RAM to Logic Cell Conversion                                          ; Off                ; Off                ;
; Auto Resource Sharing                                                      ; Off                ; Off                ;
; Allow Any RAM Size For Recognition                                         ; Off                ; Off                ;
; Allow Any ROM Size For Recognition                                         ; Off                ; Off                ;
; Allow Any Shift Register Size For Recognition                              ; Off                ; Off                ;
; Use LogicLock Constraints during Resource Balancing                        ; On                 ; On                 ;
; Ignore translate_off and synthesis_off directives                          ; Off                ; Off                ;
; Timing-Driven Synthesis                                                    ; On                 ; On                 ;
; Report Parameter Settings                                                  ; On                 ; On                 ;
; Report Source Assignments                                                  ; On                 ; On                 ;
; Report Connectivity Checks                                                 ; On                 ; On                 ;
; Ignore Maximum Fan-Out Assignments                                         ; Off                ; Off                ;
; Synchronization Register Chain Length                                      ; 2                  ; 2                  ;
; PowerPlay Power Optimization                                               ; Normal compilation ; Normal compilation ;
; HDL message level                                                          ; Level2             ; Level2             ;
; Suppress Register Optimization Related Messages                            ; Off                ; Off                ;
; Number of Removed Registers Reported in Synthesis Report                   ; 5000               ; 5000               ;
; Number of Swept Nodes Reported in Synthesis Report                         ; 5000               ; 5000               ;
; Number of Inverted Registers Reported in Synthesis Report                  ; 100                ; 100                ;
; Clock MUX Protection                                                       ; On                 ; On                 ;
; Auto Gated Clock Conversion                                                ; Off                ; Off                ;
; Block Design Naming                                                        ; Auto               ; Auto               ;
; SDC constraint protection                                                  ; Off                ; Off                ;
; Synthesis Effort                                                           ; Auto               ; Auto               ;
; Shift Register Replacement - Allow Asynchronous Clear Signal               ; On                 ; On                 ;
; Analysis & Synthesis Message Level                                         ; Medium             ; Medium             ;
; Disable Register Merging Across Hierarchies                                ; Auto               ; Auto               ;
; Resource Aware Inference For Block RAM                                     ; On                 ; On                 ;
; Synthesis Seed                                                             ; 1                  ; 1                  ;
+----------------------------------------------------------------------------+--------------------+--------------------+


+-------------------------------+
; Analysis & Synthesis Messages ;
+-------------------------------+
Info: *******************************************************************
Info: Running Quartus II 32-bit Analysis & Synthesis
    Info: Version 12.0 Build 263 08/02/2012 Service Pack 2 SJ Web Edition
    Info: Processing started: Tue Feb 05 12:13:55 2013
Info: Command: quartus_map --read_settings_files=on --write_settings_files=off semaphore -c semaphore
Warning (20028): Parallel compilation is not licensed and has been disabled
Info (12021): Found 2 design units, including 1 entities, in source file semaphore.vhd
    Info (12022): Found design unit 1: semaphore-behaviour
    Info (12023): Found entity 1: semaphore
Info (12021): Found 2 design units, including 1 entities, in source file /workspace/mestrado/sistemasvlsi/timer_ctl/timer_ctl.vhd
    Info (12022): Found design unit 1: timer_ctl-timer_behaviour
    Info (12023): Found entity 1: timer_ctl
Info (12021): Found 2 design units, including 1 entities, in source file /workspace/mestrado/sistemasvlsi/clk_converter/clk_converter_60hz.vhd
    Info (12022): Found design unit 1: clk_converter_60hz-behaviour_clk_converter
    Info (12023): Found entity 1: clk_converter_60hz
Info (12127): Elaborating entity "semaphore" for the top level hierarchy
Warning (10540): VHDL Signal Declaration warning at semaphore.vhd(30): used explicit default value for signal "timer_reset" because signal was never assigned a value
Error (10821): HDL error at semaphore.vhd(64): can't infer register for "state[0]" because its behavior does not match any supported register model File: Z:/workspace/mestrado/sistemasVLSI/semaphoreVHDL/semaphore.vhd Line: 64
Info (10041): Inferred latch for "state[0]" at semaphore.vhd(58)
Error (10821): HDL error at semaphore.vhd(64): can't infer register for "state[1]" because its behavior does not match any supported register model File: Z:/workspace/mestrado/sistemasVLSI/semaphoreVHDL/semaphore.vhd Line: 64
Info (10041): Inferred latch for "state[1]" at semaphore.vhd(58)
Error (10821): HDL error at semaphore.vhd(64): can't infer register for "state[2]" because its behavior does not match any supported register model File: Z:/workspace/mestrado/sistemasVLSI/semaphoreVHDL/semaphore.vhd Line: 64
Info (10041): Inferred latch for "state[2]" at semaphore.vhd(58)
Error (10821): HDL error at semaphore.vhd(64): can't infer register for "state[3]" because its behavior does not match any supported register model File: Z:/workspace/mestrado/sistemasVLSI/semaphoreVHDL/semaphore.vhd Line: 64
Info (10041): Inferred latch for "state[3]" at semaphore.vhd(58)
Error (10821): HDL error at semaphore.vhd(64): can't infer register for "state[4]" because its behavior does not match any supported register model File: Z:/workspace/mestrado/sistemasVLSI/semaphoreVHDL/semaphore.vhd Line: 64
Info (10041): Inferred latch for "state[4]" at semaphore.vhd(58)
Error (10821): HDL error at semaphore.vhd(64): can't infer register for "state[5]" because its behavior does not match any supported register model File: Z:/workspace/mestrado/sistemasVLSI/semaphoreVHDL/semaphore.vhd Line: 64
Info (10041): Inferred latch for "state[5]" at semaphore.vhd(58)
Error (10821): HDL error at semaphore.vhd(64): can't infer register for "trafic_light_ctl[0]" because its behavior does not match any supported register model File: Z:/workspace/mestrado/sistemasVLSI/semaphoreVHDL/semaphore.vhd Line: 64
Info (10041): Inferred latch for "trafic_light_ctl[0]" at semaphore.vhd(58)
Error (10821): HDL error at semaphore.vhd(64): can't infer register for "trafic_light_ctl[1]" because its behavior does not match any supported register model File: Z:/workspace/mestrado/sistemasVLSI/semaphoreVHDL/semaphore.vhd Line: 64
Info (10041): Inferred latch for "trafic_light_ctl[1]" at semaphore.vhd(58)
Error (10821): HDL error at semaphore.vhd(64): can't infer register for "trafic_light_ctl[2]" because its behavior does not match any supported register model File: Z:/workspace/mestrado/sistemasVLSI/semaphoreVHDL/semaphore.vhd Line: 64
Info (10041): Inferred latch for "trafic_light_ctl[2]" at semaphore.vhd(58)
Error (10821): HDL error at semaphore.vhd(64): can't infer register for "trafic_light_ctl[3]" because its behavior does not match any supported register model File: Z:/workspace/mestrado/sistemasVLSI/semaphoreVHDL/semaphore.vhd Line: 64
Info (10041): Inferred latch for "trafic_light_ctl[3]" at semaphore.vhd(58)
Error (10821): HDL error at semaphore.vhd(64): can't infer register for "trafic_light_ctl[4]" because its behavior does not match any supported register model File: Z:/workspace/mestrado/sistemasVLSI/semaphoreVHDL/semaphore.vhd Line: 64
Info (10041): Inferred latch for "trafic_light_ctl[4]" at semaphore.vhd(58)
Error (10821): HDL error at semaphore.vhd(64): can't infer register for "trafic_light_ctl[5]" because its behavior does not match any supported register model File: Z:/workspace/mestrado/sistemasVLSI/semaphoreVHDL/semaphore.vhd Line: 64
Info (10041): Inferred latch for "trafic_light_ctl[5]" at semaphore.vhd(58)
Error (10821): HDL error at semaphore.vhd(64): can't infer register for "always:state_holder[0]" because its behavior does not match any supported register model File: Z:/workspace/mestrado/sistemasVLSI/semaphoreVHDL/semaphore.vhd Line: 64
Info (10041): Inferred latch for "always:state_holder[0]" at semaphore.vhd(64)
Error (10821): HDL error at semaphore.vhd(64): can't infer register for "always:state_holder[1]" because its behavior does not match any supported register model File: Z:/workspace/mestrado/sistemasVLSI/semaphoreVHDL/semaphore.vhd Line: 64
Info (10041): Inferred latch for "always:state_holder[1]" at semaphore.vhd(64)
Error (10821): HDL error at semaphore.vhd(64): can't infer register for "always:state_holder[2]" because its behavior does not match any supported register model File: Z:/workspace/mestrado/sistemasVLSI/semaphoreVHDL/semaphore.vhd Line: 64
Info (10041): Inferred latch for "always:state_holder[2]" at semaphore.vhd(64)
Error (10821): HDL error at semaphore.vhd(64): can't infer register for "always:state_holder[3]" because its behavior does not match any supported register model File: Z:/workspace/mestrado/sistemasVLSI/semaphoreVHDL/semaphore.vhd Line: 64
Info (10041): Inferred latch for "always:state_holder[3]" at semaphore.vhd(64)
Error (10821): HDL error at semaphore.vhd(64): can't infer register for "always:state_holder[4]" because its behavior does not match any supported register model File: Z:/workspace/mestrado/sistemasVLSI/semaphoreVHDL/semaphore.vhd Line: 64
Info (10041): Inferred latch for "always:state_holder[4]" at semaphore.vhd(64)
Error (10821): HDL error at semaphore.vhd(64): can't infer register for "always:state_holder[5]" because its behavior does not match any supported register model File: Z:/workspace/mestrado/sistemasVLSI/semaphoreVHDL/semaphore.vhd Line: 64
Info (10041): Inferred latch for "always:state_holder[5]" at semaphore.vhd(64)
Error (10822): HDL error at semaphore.vhd(64): couldn't implement registers for assignments on this clock edge File: Z:/workspace/mestrado/sistemasVLSI/semaphoreVHDL/semaphore.vhd Line: 64
Error (12153): Can't elaborate top-level user hierarchy
Error: Quartus II 32-bit Analysis & Synthesis was unsuccessful. 20 errors, 2 warnings
    Error: Peak virtual memory: 316 megabytes
    Error: Processing ended: Tue Feb 05 12:13:58 2013
    Error: Elapsed time: 00:00:03
    Error: Total CPU time (on all processors): 00:00:02


