Flow report for semaphore
Tue Jan 29 15:32:09 2013
Quartus II 32-bit Version 12.0 Build 263 08/02/2012 Service Pack 2 SJ Web Edition


---------------------
; Table of Contents ;
---------------------
  1. Legal Notice
  2. Flow Summary
  3. Flow Settings
  4. Flow Non-Default Global Settings
  5. Flow Elapsed Time
  6. Flow OS Summary
  7. Flow Log



----------------
; Legal Notice ;
----------------
Copyright (C) 1991-2012 Altera Corporation
Your use of Altera Corporation's design tools, logic functions 
and other software and tools, and its AMPP partner logic 
functions, and any output files from any of the foregoing 
(including device programming or simulation files), and any 
associated documentation or information are expressly subject 
to the terms and conditions of the Altera Program License 
Subscription Agreement, Altera MegaCore Function License 
Agreement, or other applicable license agreement, including, 
without limitation, that your use is for the sole purpose of 
programming logic devices manufactured by Altera and sold by 
Altera or its authorized distributors.  Please refer to the 
applicable agreement for further details.



+------------------------------------------------------------------------------------+
; Flow Summary                                                                       ;
+------------------------------------+-----------------------------------------------+
; Flow Status                        ; Successful - Tue Jan 29 15:32:09 2013         ;
; Quartus II 32-bit Version          ; 12.0 Build 263 08/02/2012 SP 2 SJ Web Edition ;
; Revision Name                      ; semaphore                                     ;
; Top-level Entity Name              ; semaphore                                     ;
; Family                             ; Cyclone IV E                                  ;
; Device                             ; EP4CE22F17C6                                  ;
; Timing Models                      ; Final                                         ;
; Total logic elements               ; 87 / 22,320 ( < 1 % )                         ;
;     Total combinational functions  ; 82 / 22,320 ( < 1 % )                         ;
;     Dedicated logic registers      ; 51 / 22,320 ( < 1 % )                         ;
; Total registers                    ; 51                                            ;
; Total pins                         ; 9 / 154 ( 6 % )                               ;
; Total virtual pins                 ; 0                                             ;
; Total memory bits                  ; 0 / 608,256 ( 0 % )                           ;
; Embedded Multiplier 9-bit elements ; 0 / 132 ( 0 % )                               ;
; Total PLLs                         ; 0 / 4 ( 0 % )                                 ;
+------------------------------------+-----------------------------------------------+


+-----------------------------------------+
; Flow Settings                           ;
+-------------------+---------------------+
; Option            ; Setting             ;
+-------------------+---------------------+
; Start date & time ; 01/29/2013 15:31:17 ;
; Main task         ; Compilation         ;
; Revision Name     ; semaphore           ;
+-------------------+---------------------+


+-----------------------------------------------------------------------------------------------------------------------------+
; Flow Non-Default Global Settings                                                                                            ;
+--------------------------------------+---------------------------------------+---------------+-------------+----------------+
; Assignment Name                      ; Value                                 ; Default Value ; Entity Name ; Section Id     ;
+--------------------------------------+---------------------------------------+---------------+-------------+----------------+
; COMPILER_SIGNATURE_ID                ; 121370022648.135948067703248          ; --            ; --          ; --             ;
; EDA_DESIGN_INSTANCE_NAME             ; NA                                    ; --            ; --          ; semaphore_tb   ;
; EDA_NATIVELINK_SIMULATION_TEST_BENCH ; semaphore_tb                          ; --            ; --          ; eda_simulation ;
; EDA_OUTPUT_DATA_FORMAT               ; Vhdl                                  ; --            ; --          ; eda_simulation ;
; EDA_SIMULATION_TOOL                  ; ModelSim-Altera (VHDL)                ; <None>        ; --          ; --             ;
; EDA_TEST_BENCH_ENABLE_STATUS         ; TEST_BENCH_MODE                       ; --            ; --          ; eda_simulation ;
; EDA_TEST_BENCH_FILE                  ; semaphore_tb.vhd                      ; --            ; --          ; semaphore_tb   ;
; EDA_TEST_BENCH_MODULE_NAME           ; semaphore_tb                          ; --            ; --          ; semaphore_tb   ;
; EDA_TEST_BENCH_NAME                  ; semaphore_tb                          ; --            ; --          ; eda_simulation ;
; MAX_CORE_JUNCTION_TEMP               ; 85                                    ; --            ; --          ; --             ;
; MIN_CORE_JUNCTION_TEMP               ; 0                                     ; --            ; --          ; --             ;
; NOMINAL_CORE_SUPPLY_VOLTAGE          ; 1.2V                                  ; --            ; --          ; --             ;
; PARTITION_COLOR                      ; 16764057                              ; --            ; --          ; Top            ;
; PARTITION_FITTER_PRESERVATION_LEVEL  ; PLACEMENT_AND_ROUTING                 ; --            ; --          ; Top            ;
; PARTITION_NETLIST_TYPE               ; SOURCE                                ; --            ; --          ; Top            ;
; POWER_BOARD_THERMAL_MODEL            ; None (CONSERVATIVE)                   ; --            ; --          ; --             ;
; POWER_PRESET_COOLING_SOLUTION        ; 23 MM HEAT SINK WITH 200 LFPM AIRFLOW ; --            ; --          ; --             ;
+--------------------------------------+---------------------------------------+---------------+-------------+----------------+


+-------------------------------------------------------------------------------------------------------------------------------+
; Flow Elapsed Time                                                                                                             ;
+---------------------------+--------------+-------------------------+---------------------+------------------------------------+
; Module Name               ; Elapsed Time ; Average Processors Used ; Peak Virtual Memory ; Total CPU Time (on all processors) ;
+---------------------------+--------------+-------------------------+---------------------+------------------------------------+
; Analysis & Synthesis      ; 00:00:07     ; 1.0                     ; 318 MB              ; 00:00:06                           ;
; Fitter                    ; 00:00:25     ; 1.0                     ; 429 MB              ; 00:00:24                           ;
; Assembler                 ; 00:00:06     ; 1.0                     ; 288 MB              ; 00:00:04                           ;
; TimeQuest Timing Analyzer ; 00:00:11     ; 1.0                     ; 326 MB              ; 00:00:05                           ;
; EDA Netlist Writer        ; 00:00:03     ; 1.0                     ; 253 MB              ; 00:00:02                           ;
; Total                     ; 00:00:52     ; --                      ; --                  ; 00:00:41                           ;
+---------------------------+--------------+-------------------------+---------------------+------------------------------------+


+----------------------------------------------------------------------------------------+
; Flow OS Summary                                                                        ;
+---------------------------+------------------+-----------+------------+----------------+
; Module Name               ; Machine Hostname ; OS Name   ; OS Version ; Processor type ;
+---------------------------+------------------+-----------+------------+----------------+
; Analysis & Synthesis      ; EDUARDOMARQ8CC2  ; Windows 7 ; 6.1        ; i686           ;
; Fitter                    ; EDUARDOMARQ8CC2  ; Windows 7 ; 6.1        ; i686           ;
; Assembler                 ; EDUARDOMARQ8CC2  ; Windows 7 ; 6.1        ; i686           ;
; TimeQuest Timing Analyzer ; EDUARDOMARQ8CC2  ; Windows 7 ; 6.1        ; i686           ;
; EDA Netlist Writer        ; EDUARDOMARQ8CC2  ; Windows 7 ; 6.1        ; i686           ;
+---------------------------+------------------+-----------+------------+----------------+


------------
; Flow Log ;
------------
quartus_map --read_settings_files=on --write_settings_files=off semaphore -c semaphore
quartus_fit --read_settings_files=off --write_settings_files=off semaphore -c semaphore
quartus_asm --read_settings_files=off --write_settings_files=off semaphore -c semaphore
quartus_sta semaphore -c semaphore
quartus_eda --read_settings_files=off --write_settings_files=off semaphore -c semaphore



