Flow report for breg
Sun Mar 24 23:57:11 2013
Quartus II 64-Bit Version 12.1 Build 177 11/07/2012 SJ Web Edition


---------------------
; Table of Contents ;
---------------------
  1. Legal Notice
  2. Flow Summary
  3. Flow Settings
  4. Flow Non-Default Global Settings
  5. Flow Elapsed Time
  6. Flow OS Summary
  7. Flow Log



----------------
; Legal Notice ;
----------------
Copyright (C) 1991-2012 Altera Corporation
Your use of Altera Corporation's design tools, logic functions 
and other software and tools, and its AMPP partner logic 
functions, and any output files from any of the foregoing 
(including device programming or simulation files), and any 
associated documentation or information are expressly subject 
to the terms and conditions of the Altera Program License 
Subscription Agreement, Altera MegaCore Function License 
Agreement, or other applicable license agreement, including, 
without limitation, that your use is for the sole purpose of 
programming logic devices manufactured by Altera and sold by 
Altera or its authorized distributors.  Please refer to the 
applicable agreement for further details.



+-------------------------------------------------------------------------------+
; Flow Summary                                                                  ;
+------------------------------------+------------------------------------------+
; Flow Status                        ; Successful - Sun Mar 24 23:57:11 2013    ;
; Quartus II 64-Bit Version          ; 12.1 Build 177 11/07/2012 SJ Web Edition ;
; Revision Name                      ; breg                                     ;
; Top-level Entity Name              ; breg                                     ;
; Family                             ; Cyclone II                               ;
; Device                             ; EP2C70F896C6                             ;
; Timing Models                      ; Final                                    ;
; Total logic elements               ; 1,394 / 68,416 ( 2 % )                   ;
;     Total combinational functions  ; 1,394 / 68,416 ( 2 % )                   ;
;     Dedicated logic registers      ; 1,024 / 68,416 ( 1 % )                   ;
; Total registers                    ; 1024                                     ;
; Total pins                         ; 113 / 622 ( 18 % )                       ;
; Total virtual pins                 ; 0                                        ;
; Total memory bits                  ; 0 / 1,152,000 ( 0 % )                    ;
; Embedded Multiplier 9-bit elements ; 0 / 300 ( 0 % )                          ;
; Total PLLs                         ; 0 / 4 ( 0 % )                            ;
+------------------------------------+------------------------------------------+


+-----------------------------------------+
; Flow Settings                           ;
+-------------------+---------------------+
; Option            ; Setting             ;
+-------------------+---------------------+
; Start date & time ; 03/24/2013 23:56:41 ;
; Main task         ; Compilation         ;
; Revision Name     ; breg                ;
+-------------------+---------------------+


+-----------------------------------------------------------------------------------------------------------------------+
; Flow Non-Default Global Settings                                                                                      ;
+--------------------------------------+---------------------------------+---------------+-------------+----------------+
; Assignment Name                      ; Value                           ; Default Value ; Entity Name ; Section Id     ;
+--------------------------------------+---------------------------------+---------------+-------------+----------------+
; COMPILER_SIGNATURE_ID                ; 101801957810112.136418020003396 ; --            ; --          ; --             ;
; EDA_DESIGN_INSTANCE_NAME             ; uut                             ; --            ; --          ; breg_tb        ;
; EDA_NATIVELINK_SIMULATION_TEST_BENCH ; breg_tb                         ; --            ; --          ; eda_simulation ;
; EDA_OUTPUT_DATA_FORMAT               ; Vhdl                            ; --            ; --          ; eda_simulation ;
; EDA_SIMULATION_TOOL                  ; ModelSim-Altera (VHDL)          ; <None>        ; --          ; --             ;
; EDA_TEST_BENCH_ENABLE_STATUS         ; TEST_BENCH_MODE                 ; --            ; --          ; eda_simulation ;
; EDA_TEST_BENCH_FILE                  ; breg_tb.vhd                     ; --            ; --          ; breg_tb        ;
; EDA_TEST_BENCH_MODULE_NAME           ; breg_tb                         ; --            ; --          ; breg_tb        ;
; EDA_TEST_BENCH_NAME                  ; breg_tb                         ; --            ; --          ; eda_simulation ;
; EDA_TEST_BENCH_RUN_SIM_FOR           ; 100 ps                          ; --            ; --          ; breg_tb        ;
; MAX_CORE_JUNCTION_TEMP               ; 85                              ; --            ; --          ; --             ;
; MIN_CORE_JUNCTION_TEMP               ; 0                               ; --            ; --          ; --             ;
; PARTITION_COLOR                      ; 16764057                        ; --            ; --          ; Top            ;
; PARTITION_FITTER_PRESERVATION_LEVEL  ; PLACEMENT_AND_ROUTING           ; --            ; --          ; Top            ;
; PARTITION_NETLIST_TYPE               ; SOURCE                          ; --            ; --          ; Top            ;
+--------------------------------------+---------------------------------+---------------+-------------+----------------+


+-------------------------------------------------------------------------------------------------------------------------------+
; Flow Elapsed Time                                                                                                             ;
+---------------------------+--------------+-------------------------+---------------------+------------------------------------+
; Module Name               ; Elapsed Time ; Average Processors Used ; Peak Virtual Memory ; Total CPU Time (on all processors) ;
+---------------------------+--------------+-------------------------+---------------------+------------------------------------+
; Analysis & Synthesis      ; 00:00:04     ; 1.0                     ; 496 MB              ; 00:00:04                           ;
; Fitter                    ; 00:00:14     ; 1.0                     ; 697 MB              ; 00:00:14                           ;
; Assembler                 ; 00:00:03     ; 1.0                     ; 456 MB              ; 00:00:03                           ;
; TimeQuest Timing Analyzer ; 00:00:02     ; 1.0                     ; 438 MB              ; 00:00:01                           ;
; EDA Netlist Writer        ; 00:00:02     ; 1.0                     ; 405 MB              ; 00:00:02                           ;
; Total                     ; 00:00:25     ; --                      ; --                  ; 00:00:24                           ;
+---------------------------+--------------+-------------------------+---------------------+------------------------------------+


+----------------------------------------------------------------------------------------+
; Flow OS Summary                                                                        ;
+---------------------------+------------------+-----------+------------+----------------+
; Module Name               ; Machine Hostname ; OS Name   ; OS Version ; Processor type ;
+---------------------------+------------------+-----------+------------+----------------+
; Analysis & Synthesis      ; Janelas          ; Windows 7 ; 6.1        ; x86_64         ;
; Fitter                    ; Janelas          ; Windows 7 ; 6.1        ; x86_64         ;
; Assembler                 ; Janelas          ; Windows 7 ; 6.1        ; x86_64         ;
; TimeQuest Timing Analyzer ; Janelas          ; Windows 7 ; 6.1        ; x86_64         ;
; EDA Netlist Writer        ; Janelas          ; Windows 7 ; 6.1        ; x86_64         ;
+---------------------------+------------------+-----------+------------+----------------+


------------
; Flow Log ;
------------
quartus_map --read_settings_files=on --write_settings_files=off breg -c breg
quartus_fit --read_settings_files=off --write_settings_files=off breg -c breg
quartus_asm --read_settings_files=off --write_settings_files=off breg -c breg
quartus_sta breg -c breg
quartus_eda --read_settings_files=off --write_settings_files=off breg -c breg



