TimeQuest Timing Analyzer report for seteseg-de0
Sun Jan 13 14:30:40 2013
Quartus II 32-bit Version 12.0 Build 263 08/02/2012 Service Pack 2 SJ Web Edition


---------------------
; Table of Contents ;
---------------------
  1. Legal Notice
  2. TimeQuest Timing Analyzer Summary
  3. Clocks
  4. Slow 1200mV 85C Model Fmax Summary
  5. Slow 1200mV 85C Model Setup Summary
  6. Slow 1200mV 85C Model Hold Summary
  7. Slow 1200mV 85C Model Recovery Summary
  8. Slow 1200mV 85C Model Removal Summary
  9. Slow 1200mV 85C Model Minimum Pulse Width Summary
 10. Slow 1200mV 85C Model Setup: 'trigger'
 11. Slow 1200mV 85C Model Hold: 'trigger'
 12. Slow 1200mV 85C Model Minimum Pulse Width: 'trigger'
 13. Clock to Output Times
 14. Minimum Clock to Output Times
 15. Slow 1200mV 85C Model Metastability Report
 16. Slow 1200mV 0C Model Fmax Summary
 17. Slow 1200mV 0C Model Setup Summary
 18. Slow 1200mV 0C Model Hold Summary
 19. Slow 1200mV 0C Model Recovery Summary
 20. Slow 1200mV 0C Model Removal Summary
 21. Slow 1200mV 0C Model Minimum Pulse Width Summary
 22. Slow 1200mV 0C Model Setup: 'trigger'
 23. Slow 1200mV 0C Model Hold: 'trigger'
 24. Slow 1200mV 0C Model Minimum Pulse Width: 'trigger'
 25. Clock to Output Times
 26. Minimum Clock to Output Times
 27. Slow 1200mV 0C Model Metastability Report
 28. Fast 1200mV 0C Model Setup Summary
 29. Fast 1200mV 0C Model Hold Summary
 30. Fast 1200mV 0C Model Recovery Summary
 31. Fast 1200mV 0C Model Removal Summary
 32. Fast 1200mV 0C Model Minimum Pulse Width Summary
 33. Fast 1200mV 0C Model Setup: 'trigger'
 34. Fast 1200mV 0C Model Hold: 'trigger'
 35. Fast 1200mV 0C Model Minimum Pulse Width: 'trigger'
 36. Clock to Output Times
 37. Minimum Clock to Output Times
 38. Fast 1200mV 0C Model Metastability Report
 39. Multicorner Timing Analysis Summary
 40. Clock to Output Times
 41. Minimum Clock to Output Times
 42. Board Trace Model Assignments
 43. Input Transition Times
 44. Signal Integrity Metrics (Slow 1200mv 0c Model)
 45. Signal Integrity Metrics (Slow 1200mv 85c Model)
 46. Signal Integrity Metrics (Fast 1200mv 0c Model)
 47. Setup Transfers
 48. Hold Transfers
 49. Report TCCS
 50. Report RSKM
 51. Unconstrained Paths
 52. TimeQuest Timing Analyzer Messages



----------------
; Legal Notice ;
----------------
Copyright (C) 1991-2012 Altera Corporation
Your use of Altera Corporation's design tools, logic functions 
and other software and tools, and its AMPP partner logic 
functions, and any output files from any of the foregoing 
(including device programming or simulation files), and any 
associated documentation or information are expressly subject 
to the terms and conditions of the Altera Program License 
Subscription Agreement, Altera MegaCore Function License 
Agreement, or other applicable license agreement, including, 
without limitation, that your use is for the sole purpose of 
programming logic devices manufactured by Altera and sold by 
Altera or its authorized distributors.  Please refer to the 
applicable agreement for further details.



+--------------------------------------------------------------------------------------+
; TimeQuest Timing Analyzer Summary                                                    ;
+--------------------+-----------------------------------------------------------------+
; Quartus II Version ; Version 12.0 Build 263 08/02/2012 Service Pack 2 SJ Web Edition ;
; Revision Name      ; seteseg-de0                                                     ;
; Device Family      ; Cyclone IV E                                                    ;
; Device Name        ; EP4CE22F17C6                                                    ;
; Timing Models      ; Final                                                           ;
; Delay Model        ; Combined                                                        ;
; Rise/Fall Delays   ; Enabled                                                         ;
+--------------------+-----------------------------------------------------------------+


+-------------------------------------------------------------------------------------------------------------------------------------------------------------------------------------+
; Clocks                                                                                                                                                                              ;
+------------+------+--------+------------+-------+-------+------------+-----------+-------------+-------+--------+-----------+------------+----------+--------+--------+-------------+
; Clock Name ; Type ; Period ; Frequency  ; Rise  ; Fall  ; Duty Cycle ; Divide by ; Multiply by ; Phase ; Offset ; Edge List ; Edge Shift ; Inverted ; Master ; Source ; Targets     ;
+------------+------+--------+------------+-------+-------+------------+-----------+-------------+-------+--------+-----------+------------+----------+--------+--------+-------------+
; trigger    ; Base ; 1.000  ; 1000.0 MHz ; 0.000 ; 0.500 ;            ;           ;             ;       ;        ;           ;            ;          ;        ;        ; { trigger } ;
+------------+------+--------+------------+-------+-------+------------+-----------+-------------+-------+--------+-----------+------------+----------+--------+--------+-------------+


+-----------------------------------------------------------------------------------------------------------+
; Slow 1200mV 85C Model Fmax Summary                                                                        ;
+------------+-----------------+------------+---------------------------------------------------------------+
; Fmax       ; Restricted Fmax ; Clock Name ; Note                                                          ;
+------------+-----------------+------------+---------------------------------------------------------------+
; 955.11 MHz ; 250.0 MHz       ; trigger    ; limit due to minimum period restriction (max I/O toggle rate) ;
+------------+-----------------+------------+---------------------------------------------------------------+
This panel reports FMAX for every clock in the design, regardless of the user-specified clock periods.  FMAX is only computed for paths where the source and destination registers or ports are driven by the same clock.  Paths of different clocks, including generated clocks, are ignored.  For paths between a clock and its inversion, FMAX is computed as if the rising and falling edges are scaled along with FMAX, such that the duty cycle (in terms of a percentage) is maintained. Altera recommends that you always use clock constraints and other slack reports for sign-off analysis.


+-------------------------------------+
; Slow 1200mV 85C Model Setup Summary ;
+---------+--------+------------------+
; Clock   ; Slack  ; End Point TNS    ;
+---------+--------+------------------+
; trigger ; -0.047 ; -0.116           ;
+---------+--------+------------------+


+------------------------------------+
; Slow 1200mV 85C Model Hold Summary ;
+---------+-------+------------------+
; Clock   ; Slack ; End Point TNS    ;
+---------+-------+------------------+
; trigger ; 0.381 ; 0.000            ;
+---------+-------+------------------+


------------------------------------------
; Slow 1200mV 85C Model Recovery Summary ;
------------------------------------------
No paths to report.


-----------------------------------------
; Slow 1200mV 85C Model Removal Summary ;
-----------------------------------------
No paths to report.


+---------------------------------------------------+
; Slow 1200mV 85C Model Minimum Pulse Width Summary ;
+---------+--------+--------------------------------+
; Clock   ; Slack  ; End Point TNS                  ;
+---------+--------+--------------------------------+
; trigger ; -3.000 ; -9.000                         ;
+---------+--------+--------------------------------+


+------------------------------------------------------------------------------------------------------------+
; Slow 1200mV 85C Model Setup: 'trigger'                                                                     ;
+--------+--------------+--------------+--------------+-------------+--------------+------------+------------+
; Slack  ; From Node    ; To Node      ; Launch Clock ; Latch Clock ; Relationship ; Clock Skew ; Data Delay ;
+--------+--------------+--------------+--------------+-------------+--------------+------------+------------+
; -0.047 ; \always:i[0] ; codigo[0]    ; trigger      ; trigger     ; 1.000        ; -0.045     ; 1.017      ;
; -0.037 ; \always:i[1] ; codigo[2]    ; trigger      ; trigger     ; 1.000        ; -0.045     ; 1.007      ;
; -0.031 ; \always:i[2] ; \always:i[1] ; trigger      ; trigger     ; 1.000        ; -0.045     ; 1.001      ;
; -0.001 ; \always:i[1] ; \always:i[2] ; trigger      ; trigger     ; 1.000        ; -0.045     ; 0.971      ;
; 0.105  ; \always:i[1] ; codigo[1]    ; trigger      ; trigger     ; 1.000        ; -0.045     ; 0.865      ;
; 0.109  ; \always:i[1] ; codigo[0]    ; trigger      ; trigger     ; 1.000        ; -0.045     ; 0.861      ;
; 0.111  ; \always:i[0] ; codigo[2]    ; trigger      ; trigger     ; 1.000        ; -0.045     ; 0.859      ;
; 0.118  ; \always:i[0] ; \always:i[1] ; trigger      ; trigger     ; 1.000        ; -0.045     ; 0.852      ;
; 0.120  ; \always:i[0] ; \always:i[2] ; trigger      ; trigger     ; 1.000        ; -0.045     ; 0.850      ;
; 0.240  ; \always:i[2] ; codigo[2]    ; trigger      ; trigger     ; 1.000        ; -0.045     ; 0.730      ;
; 0.241  ; \always:i[2] ; codigo[1]    ; trigger      ; trigger     ; 1.000        ; -0.045     ; 0.729      ;
; 0.242  ; \always:i[2] ; \always:i[0] ; trigger      ; trigger     ; 1.000        ; -0.045     ; 0.728      ;
; 0.243  ; \always:i[2] ; codigo[0]    ; trigger      ; trigger     ; 1.000        ; -0.045     ; 0.727      ;
; 0.317  ; \always:i[0] ; \always:i[0] ; trigger      ; trigger     ; 1.000        ; -0.039     ; 0.659      ;
; 0.317  ; \always:i[1] ; \always:i[1] ; trigger      ; trigger     ; 1.000        ; -0.039     ; 0.659      ;
; 0.317  ; \always:i[2] ; \always:i[2] ; trigger      ; trigger     ; 1.000        ; -0.039     ; 0.659      ;
+--------+--------------+--------------+--------------+-------------+--------------+------------+------------+


+-----------------------------------------------------------------------------------------------------------+
; Slow 1200mV 85C Model Hold: 'trigger'                                                                     ;
+-------+--------------+--------------+--------------+-------------+--------------+------------+------------+
; Slack ; From Node    ; To Node      ; Launch Clock ; Latch Clock ; Relationship ; Clock Skew ; Data Delay ;
+-------+--------------+--------------+--------------+-------------+--------------+------------+------------+
; 0.381 ; \always:i[1] ; \always:i[1] ; trigger      ; trigger     ; 0.000        ; 0.039      ; 0.577      ;
; 0.384 ; \always:i[0] ; \always:i[0] ; trigger      ; trigger     ; 0.000        ; 0.039      ; 0.580      ;
; 0.384 ; \always:i[2] ; \always:i[2] ; trigger      ; trigger     ; 0.000        ; 0.039      ; 0.580      ;
; 0.414 ; \always:i[2] ; codigo[0]    ; trigger      ; trigger     ; 0.000        ; 0.045      ; 0.616      ;
; 0.415 ; \always:i[2] ; \always:i[0] ; trigger      ; trigger     ; 0.000        ; 0.045      ; 0.617      ;
; 0.420 ; \always:i[2] ; codigo[2]    ; trigger      ; trigger     ; 0.000        ; 0.045      ; 0.622      ;
; 0.420 ; \always:i[2] ; codigo[1]    ; trigger      ; trigger     ; 0.000        ; 0.045      ; 0.622      ;
; 0.519 ; \always:i[1] ; codigo[0]    ; trigger      ; trigger     ; 0.000        ; 0.045      ; 0.721      ;
; 0.522 ; \always:i[1] ; codigo[1]    ; trigger      ; trigger     ; 0.000        ; 0.045      ; 0.724      ;
; 0.526 ; \always:i[0] ; codigo[2]    ; trigger      ; trigger     ; 0.000        ; 0.045      ; 0.728      ;
; 0.553 ; \always:i[0] ; \always:i[1] ; trigger      ; trigger     ; 0.000        ; 0.045      ; 0.755      ;
; 0.554 ; \always:i[0] ; \always:i[2] ; trigger      ; trigger     ; 0.000        ; 0.045      ; 0.756      ;
; 0.595 ; \always:i[1] ; \always:i[2] ; trigger      ; trigger     ; 0.000        ; 0.045      ; 0.797      ;
; 0.622 ; \always:i[2] ; \always:i[1] ; trigger      ; trigger     ; 0.000        ; 0.045      ; 0.824      ;
; 0.631 ; \always:i[1] ; codigo[2]    ; trigger      ; trigger     ; 0.000        ; 0.045      ; 0.833      ;
; 0.648 ; \always:i[0] ; codigo[0]    ; trigger      ; trigger     ; 0.000        ; 0.045      ; 0.850      ;
+-------+--------------+--------------+--------------+-------------+--------------+------------+------------+


+-----------------------------------------------------------------------------------------------------+
; Slow 1200mV 85C Model Minimum Pulse Width: 'trigger'                                                ;
+--------+--------------+----------------+------------------+---------+------------+------------------+
; Slack  ; Actual Width ; Required Width ; Type             ; Clock   ; Clock Edge ; Target           ;
+--------+--------------+----------------+------------------+---------+------------+------------------+
; -3.000 ; 1.000        ; 4.000          ; Port Rate        ; trigger ; Rise       ; trigger          ;
; -1.000 ; 1.000        ; 2.000          ; Min Period       ; trigger ; Fall       ; \always:i[0]     ;
; -1.000 ; 1.000        ; 2.000          ; Min Period       ; trigger ; Fall       ; \always:i[1]     ;
; -1.000 ; 1.000        ; 2.000          ; Min Period       ; trigger ; Fall       ; \always:i[2]     ;
; -1.000 ; 1.000        ; 2.000          ; Min Period       ; trigger ; Fall       ; codigo[0]        ;
; -1.000 ; 1.000        ; 2.000          ; Min Period       ; trigger ; Fall       ; codigo[1]        ;
; -1.000 ; 1.000        ; 2.000          ; Min Period       ; trigger ; Fall       ; codigo[2]        ;
; 0.106  ; 0.322        ; 0.216          ; High Pulse Width ; trigger ; Fall       ; \always:i[0]     ;
; 0.106  ; 0.322        ; 0.216          ; High Pulse Width ; trigger ; Fall       ; \always:i[1]     ;
; 0.106  ; 0.322        ; 0.216          ; High Pulse Width ; trigger ; Fall       ; \always:i[2]     ;
; 0.106  ; 0.322        ; 0.216          ; High Pulse Width ; trigger ; Fall       ; codigo[0]        ;
; 0.106  ; 0.322        ; 0.216          ; High Pulse Width ; trigger ; Fall       ; codigo[1]        ;
; 0.106  ; 0.322        ; 0.216          ; High Pulse Width ; trigger ; Fall       ; codigo[2]        ;
; 0.316  ; 0.316        ; 0.000          ; Low Pulse Width  ; trigger ; Rise       ; \always:i[0]|clk ;
; 0.316  ; 0.316        ; 0.000          ; Low Pulse Width  ; trigger ; Rise       ; \always:i[1]|clk ;
; 0.316  ; 0.316        ; 0.000          ; Low Pulse Width  ; trigger ; Rise       ; \always:i[2]|clk ;
; 0.316  ; 0.316        ; 0.000          ; Low Pulse Width  ; trigger ; Rise       ; codigo[0]|clk    ;
; 0.316  ; 0.316        ; 0.000          ; Low Pulse Width  ; trigger ; Rise       ; codigo[1]|clk    ;
; 0.316  ; 0.316        ; 0.000          ; Low Pulse Width  ; trigger ; Rise       ; codigo[2]|clk    ;
; 0.335  ; 0.335        ; 0.000          ; Low Pulse Width  ; trigger ; Rise       ; trigger~input|o  ;
; 0.489  ; 0.673        ; 0.184          ; Low Pulse Width  ; trigger ; Fall       ; \always:i[0]     ;
; 0.489  ; 0.673        ; 0.184          ; Low Pulse Width  ; trigger ; Fall       ; \always:i[1]     ;
; 0.489  ; 0.673        ; 0.184          ; Low Pulse Width  ; trigger ; Fall       ; \always:i[2]     ;
; 0.489  ; 0.673        ; 0.184          ; Low Pulse Width  ; trigger ; Fall       ; codigo[0]        ;
; 0.489  ; 0.673        ; 0.184          ; Low Pulse Width  ; trigger ; Fall       ; codigo[1]        ;
; 0.489  ; 0.673        ; 0.184          ; Low Pulse Width  ; trigger ; Fall       ; codigo[2]        ;
; 0.500  ; 0.500        ; 0.000          ; High Pulse Width ; trigger ; Rise       ; trigger~input|i  ;
; 0.500  ; 0.500        ; 0.000          ; Low Pulse Width  ; trigger ; Rise       ; trigger~input|i  ;
; 0.665  ; 0.665        ; 0.000          ; High Pulse Width ; trigger ; Rise       ; trigger~input|o  ;
; 0.682  ; 0.682        ; 0.000          ; High Pulse Width ; trigger ; Rise       ; \always:i[0]|clk ;
; 0.682  ; 0.682        ; 0.000          ; High Pulse Width ; trigger ; Rise       ; \always:i[1]|clk ;
; 0.682  ; 0.682        ; 0.000          ; High Pulse Width ; trigger ; Rise       ; \always:i[2]|clk ;
; 0.682  ; 0.682        ; 0.000          ; High Pulse Width ; trigger ; Rise       ; codigo[0]|clk    ;
; 0.682  ; 0.682        ; 0.000          ; High Pulse Width ; trigger ; Rise       ; codigo[1]|clk    ;
; 0.682  ; 0.682        ; 0.000          ; High Pulse Width ; trigger ; Rise       ; codigo[2]|clk    ;
+--------+--------------+----------------+------------------+---------+------------+------------------+


+-------------------------------------------------------------------------+
; Clock to Output Times                                                   ;
+-------------+------------+-------+-------+------------+-----------------+
; Data Port   ; Clock Port ; Rise  ; Fall  ; Clock Edge ; Clock Reference ;
+-------------+------------+-------+-------+------------+-----------------+
; led_out[*]  ; trigger    ; 9.152 ; 9.004 ; Fall       ; trigger         ;
;  led_out[0] ; trigger    ; 7.278 ; 7.257 ; Fall       ; trigger         ;
;  led_out[1] ; trigger    ; 6.937 ; 6.924 ; Fall       ; trigger         ;
;  led_out[2] ; trigger    ; 6.937 ; 6.924 ; Fall       ; trigger         ;
;  led_out[3] ; trigger    ; 7.342 ; 7.315 ; Fall       ; trigger         ;
;  led_out[4] ; trigger    ; 7.841 ; 7.775 ; Fall       ; trigger         ;
;  led_out[5] ; trigger    ; 9.152 ; 9.004 ; Fall       ; trigger         ;
;  led_out[6] ; trigger    ; 8.354 ; 8.277 ; Fall       ; trigger         ;
+-------------+------------+-------+-------+------------+-----------------+


+-------------------------------------------------------------------------+
; Minimum Clock to Output Times                                           ;
+-------------+------------+-------+-------+------------+-----------------+
; Data Port   ; Clock Port ; Rise  ; Fall  ; Clock Edge ; Clock Reference ;
+-------------+------------+-------+-------+------------+-----------------+
; led_out[*]  ; trigger    ; 6.357 ; 6.416 ; Fall       ; trigger         ;
;  led_out[0] ; trigger    ; 6.662 ; 6.793 ; Fall       ; trigger         ;
;  led_out[1] ; trigger    ; 6.357 ; 6.416 ; Fall       ; trigger         ;
;  led_out[2] ; trigger    ; 6.357 ; 6.416 ; Fall       ; trigger         ;
;  led_out[3] ; trigger    ; 6.722 ; 6.671 ; Fall       ; trigger         ;
;  led_out[4] ; trigger    ; 7.205 ; 7.133 ; Fall       ; trigger         ;
;  led_out[5] ; trigger    ; 8.514 ; 8.360 ; Fall       ; trigger         ;
;  led_out[6] ; trigger    ; 7.809 ; 7.743 ; Fall       ; trigger         ;
+-------------+------------+-------+-------+------------+-----------------+


----------------------------------------------
; Slow 1200mV 85C Model Metastability Report ;
----------------------------------------------
No synchronizer chains to report.


+------------------------------------------------------------------------------------------------------------+
; Slow 1200mV 0C Model Fmax Summary                                                                          ;
+-------------+-----------------+------------+---------------------------------------------------------------+
; Fmax        ; Restricted Fmax ; Clock Name ; Note                                                          ;
+-------------+-----------------+------------+---------------------------------------------------------------+
; 1083.42 MHz ; 250.0 MHz       ; trigger    ; limit due to minimum period restriction (max I/O toggle rate) ;
+-------------+-----------------+------------+---------------------------------------------------------------+
This panel reports FMAX for every clock in the design, regardless of the user-specified clock periods.  FMAX is only computed for paths where the source and destination registers or ports are driven by the same clock.  Paths of different clocks, including generated clocks, are ignored.  For paths between a clock and its inversion, FMAX is computed as if the rising and falling edges are scaled along with FMAX, such that the duty cycle (in terms of a percentage) is maintained. Altera recommends that you always use clock constraints and other slack reports for sign-off analysis.


+------------------------------------+
; Slow 1200mV 0C Model Setup Summary ;
+---------+-------+------------------+
; Clock   ; Slack ; End Point TNS    ;
+---------+-------+------------------+
; trigger ; 0.077 ; 0.000            ;
+---------+-------+------------------+


+-----------------------------------+
; Slow 1200mV 0C Model Hold Summary ;
+---------+-------+-----------------+
; Clock   ; Slack ; End Point TNS   ;
+---------+-------+-----------------+
; trigger ; 0.333 ; 0.000           ;
+---------+-------+-----------------+


-----------------------------------------
; Slow 1200mV 0C Model Recovery Summary ;
-----------------------------------------
No paths to report.


----------------------------------------
; Slow 1200mV 0C Model Removal Summary ;
----------------------------------------
No paths to report.


+--------------------------------------------------+
; Slow 1200mV 0C Model Minimum Pulse Width Summary ;
+---------+--------+-------------------------------+
; Clock   ; Slack  ; End Point TNS                 ;
+---------+--------+-------------------------------+
; trigger ; -3.000 ; -9.000                        ;
+---------+--------+-------------------------------+


+-----------------------------------------------------------------------------------------------------------+
; Slow 1200mV 0C Model Setup: 'trigger'                                                                     ;
+-------+--------------+--------------+--------------+-------------+--------------+------------+------------+
; Slack ; From Node    ; To Node      ; Launch Clock ; Latch Clock ; Relationship ; Clock Skew ; Data Delay ;
+-------+--------------+--------------+--------------+-------------+--------------+------------+------------+
; 0.077 ; \always:i[0] ; codigo[0]    ; trigger      ; trigger     ; 1.000        ; -0.038     ; 0.900      ;
; 0.081 ; \always:i[2] ; \always:i[1] ; trigger      ; trigger     ; 1.000        ; -0.038     ; 0.896      ;
; 0.084 ; \always:i[1] ; codigo[2]    ; trigger      ; trigger     ; 1.000        ; -0.038     ; 0.893      ;
; 0.119 ; \always:i[1] ; \always:i[2] ; trigger      ; trigger     ; 1.000        ; -0.038     ; 0.858      ;
; 0.203 ; \always:i[1] ; codigo[1]    ; trigger      ; trigger     ; 1.000        ; -0.038     ; 0.774      ;
; 0.207 ; \always:i[1] ; codigo[0]    ; trigger      ; trigger     ; 1.000        ; -0.038     ; 0.770      ;
; 0.210 ; \always:i[0] ; codigo[2]    ; trigger      ; trigger     ; 1.000        ; -0.038     ; 0.767      ;
; 0.214 ; \always:i[0] ; \always:i[1] ; trigger      ; trigger     ; 1.000        ; -0.038     ; 0.763      ;
; 0.224 ; \always:i[0] ; \always:i[2] ; trigger      ; trigger     ; 1.000        ; -0.038     ; 0.753      ;
; 0.321 ; \always:i[2] ; codigo[0]    ; trigger      ; trigger     ; 1.000        ; -0.038     ; 0.656      ;
; 0.321 ; \always:i[2] ; \always:i[0] ; trigger      ; trigger     ; 1.000        ; -0.038     ; 0.656      ;
; 0.327 ; \always:i[2] ; codigo[2]    ; trigger      ; trigger     ; 1.000        ; -0.038     ; 0.650      ;
; 0.330 ; \always:i[2] ; codigo[1]    ; trigger      ; trigger     ; 1.000        ; -0.038     ; 0.647      ;
; 0.398 ; \always:i[0] ; \always:i[0] ; trigger      ; trigger     ; 1.000        ; -0.034     ; 0.583      ;
; 0.398 ; \always:i[1] ; \always:i[1] ; trigger      ; trigger     ; 1.000        ; -0.034     ; 0.583      ;
; 0.398 ; \always:i[2] ; \always:i[2] ; trigger      ; trigger     ; 1.000        ; -0.034     ; 0.583      ;
+-------+--------------+--------------+--------------+-------------+--------------+------------+------------+


+-----------------------------------------------------------------------------------------------------------+
; Slow 1200mV 0C Model Hold: 'trigger'                                                                      ;
+-------+--------------+--------------+--------------+-------------+--------------+------------+------------+
; Slack ; From Node    ; To Node      ; Launch Clock ; Latch Clock ; Relationship ; Clock Skew ; Data Delay ;
+-------+--------------+--------------+--------------+-------------+--------------+------------+------------+
; 0.333 ; \always:i[1] ; \always:i[1] ; trigger      ; trigger     ; 0.000        ; 0.034      ; 0.511      ;
; 0.341 ; \always:i[0] ; \always:i[0] ; trigger      ; trigger     ; 0.000        ; 0.034      ; 0.519      ;
; 0.341 ; \always:i[2] ; \always:i[2] ; trigger      ; trigger     ; 0.000        ; 0.034      ; 0.519      ;
; 0.371 ; \always:i[2] ; codigo[0]    ; trigger      ; trigger     ; 0.000        ; 0.038      ; 0.553      ;
; 0.372 ; \always:i[2] ; \always:i[0] ; trigger      ; trigger     ; 0.000        ; 0.038      ; 0.554      ;
; 0.383 ; \always:i[2] ; codigo[1]    ; trigger      ; trigger     ; 0.000        ; 0.038      ; 0.565      ;
; 0.384 ; \always:i[2] ; codigo[2]    ; trigger      ; trigger     ; 0.000        ; 0.038      ; 0.566      ;
; 0.470 ; \always:i[1] ; codigo[0]    ; trigger      ; trigger     ; 0.000        ; 0.038      ; 0.652      ;
; 0.473 ; \always:i[1] ; codigo[1]    ; trigger      ; trigger     ; 0.000        ; 0.038      ; 0.655      ;
; 0.475 ; \always:i[0] ; codigo[2]    ; trigger      ; trigger     ; 0.000        ; 0.038      ; 0.657      ;
; 0.509 ; \always:i[0] ; \always:i[1] ; trigger      ; trigger     ; 0.000        ; 0.038      ; 0.691      ;
; 0.516 ; \always:i[0] ; \always:i[2] ; trigger      ; trigger     ; 0.000        ; 0.038      ; 0.698      ;
; 0.534 ; \always:i[1] ; \always:i[2] ; trigger      ; trigger     ; 0.000        ; 0.038      ; 0.716      ;
; 0.558 ; \always:i[2] ; \always:i[1] ; trigger      ; trigger     ; 0.000        ; 0.038      ; 0.740      ;
; 0.566 ; \always:i[1] ; codigo[2]    ; trigger      ; trigger     ; 0.000        ; 0.038      ; 0.748      ;
; 0.581 ; \always:i[0] ; codigo[0]    ; trigger      ; trigger     ; 0.000        ; 0.038      ; 0.763      ;
+-------+--------------+--------------+--------------+-------------+--------------+------------+------------+


+-----------------------------------------------------------------------------------------------------+
; Slow 1200mV 0C Model Minimum Pulse Width: 'trigger'                                                 ;
+--------+--------------+----------------+------------------+---------+------------+------------------+
; Slack  ; Actual Width ; Required Width ; Type             ; Clock   ; Clock Edge ; Target           ;
+--------+--------------+----------------+------------------+---------+------------+------------------+
; -3.000 ; 1.000        ; 4.000          ; Port Rate        ; trigger ; Rise       ; trigger          ;
; -1.000 ; 1.000        ; 2.000          ; Min Period       ; trigger ; Fall       ; \always:i[0]     ;
; -1.000 ; 1.000        ; 2.000          ; Min Period       ; trigger ; Fall       ; \always:i[1]     ;
; -1.000 ; 1.000        ; 2.000          ; Min Period       ; trigger ; Fall       ; \always:i[2]     ;
; -1.000 ; 1.000        ; 2.000          ; Min Period       ; trigger ; Fall       ; codigo[0]        ;
; -1.000 ; 1.000        ; 2.000          ; Min Period       ; trigger ; Fall       ; codigo[1]        ;
; -1.000 ; 1.000        ; 2.000          ; Min Period       ; trigger ; Fall       ; codigo[2]        ;
; 0.183  ; 0.399        ; 0.216          ; High Pulse Width ; trigger ; Fall       ; \always:i[0]     ;
; 0.183  ; 0.399        ; 0.216          ; High Pulse Width ; trigger ; Fall       ; \always:i[1]     ;
; 0.183  ; 0.399        ; 0.216          ; High Pulse Width ; trigger ; Fall       ; \always:i[2]     ;
; 0.183  ; 0.399        ; 0.216          ; High Pulse Width ; trigger ; Fall       ; codigo[0]        ;
; 0.183  ; 0.399        ; 0.216          ; High Pulse Width ; trigger ; Fall       ; codigo[1]        ;
; 0.183  ; 0.399        ; 0.216          ; High Pulse Width ; trigger ; Fall       ; codigo[2]        ;
; 0.358  ; 0.358        ; 0.000          ; Low Pulse Width  ; trigger ; Rise       ; trigger~input|o  ;
; 0.385  ; 0.385        ; 0.000          ; Low Pulse Width  ; trigger ; Rise       ; \always:i[0]|clk ;
; 0.385  ; 0.385        ; 0.000          ; Low Pulse Width  ; trigger ; Rise       ; \always:i[1]|clk ;
; 0.385  ; 0.385        ; 0.000          ; Low Pulse Width  ; trigger ; Rise       ; \always:i[2]|clk ;
; 0.385  ; 0.385        ; 0.000          ; Low Pulse Width  ; trigger ; Rise       ; codigo[0]|clk    ;
; 0.385  ; 0.385        ; 0.000          ; Low Pulse Width  ; trigger ; Rise       ; codigo[1]|clk    ;
; 0.385  ; 0.385        ; 0.000          ; Low Pulse Width  ; trigger ; Rise       ; codigo[2]|clk    ;
; 0.414  ; 0.598        ; 0.184          ; Low Pulse Width  ; trigger ; Fall       ; \always:i[0]     ;
; 0.414  ; 0.598        ; 0.184          ; Low Pulse Width  ; trigger ; Fall       ; \always:i[1]     ;
; 0.414  ; 0.598        ; 0.184          ; Low Pulse Width  ; trigger ; Fall       ; \always:i[2]     ;
; 0.414  ; 0.598        ; 0.184          ; Low Pulse Width  ; trigger ; Fall       ; codigo[0]        ;
; 0.414  ; 0.598        ; 0.184          ; Low Pulse Width  ; trigger ; Fall       ; codigo[1]        ;
; 0.414  ; 0.598        ; 0.184          ; Low Pulse Width  ; trigger ; Fall       ; codigo[2]        ;
; 0.500  ; 0.500        ; 0.000          ; High Pulse Width ; trigger ; Rise       ; trigger~input|i  ;
; 0.500  ; 0.500        ; 0.000          ; Low Pulse Width  ; trigger ; Rise       ; trigger~input|i  ;
; 0.613  ; 0.613        ; 0.000          ; High Pulse Width ; trigger ; Rise       ; \always:i[0]|clk ;
; 0.613  ; 0.613        ; 0.000          ; High Pulse Width ; trigger ; Rise       ; \always:i[1]|clk ;
; 0.613  ; 0.613        ; 0.000          ; High Pulse Width ; trigger ; Rise       ; \always:i[2]|clk ;
; 0.613  ; 0.613        ; 0.000          ; High Pulse Width ; trigger ; Rise       ; codigo[0]|clk    ;
; 0.613  ; 0.613        ; 0.000          ; High Pulse Width ; trigger ; Rise       ; codigo[1]|clk    ;
; 0.613  ; 0.613        ; 0.000          ; High Pulse Width ; trigger ; Rise       ; codigo[2]|clk    ;
; 0.642  ; 0.642        ; 0.000          ; High Pulse Width ; trigger ; Rise       ; trigger~input|o  ;
+--------+--------------+----------------+------------------+---------+------------+------------------+


+-------------------------------------------------------------------------+
; Clock to Output Times                                                   ;
+-------------+------------+-------+-------+------------+-----------------+
; Data Port   ; Clock Port ; Rise  ; Fall  ; Clock Edge ; Clock Reference ;
+-------------+------------+-------+-------+------------+-----------------+
; led_out[*]  ; trigger    ; 8.128 ; 8.081 ; Fall       ; trigger         ;
;  led_out[0] ; trigger    ; 6.502 ; 6.540 ; Fall       ; trigger         ;
;  led_out[1] ; trigger    ; 6.210 ; 6.181 ; Fall       ; trigger         ;
;  led_out[2] ; trigger    ; 6.210 ; 6.181 ; Fall       ; trigger         ;
;  led_out[3] ; trigger    ; 6.597 ; 6.532 ; Fall       ; trigger         ;
;  led_out[4] ; trigger    ; 7.005 ; 7.001 ; Fall       ; trigger         ;
;  led_out[5] ; trigger    ; 8.128 ; 8.081 ; Fall       ; trigger         ;
;  led_out[6] ; trigger    ; 7.465 ; 7.517 ; Fall       ; trigger         ;
+-------------+------------+-------+-------+------------+-----------------+


+-------------------------------------------------------------------------+
; Minimum Clock to Output Times                                           ;
+-------------+------------+-------+-------+------------+-----------------+
; Data Port   ; Clock Port ; Rise  ; Fall  ; Clock Edge ; Clock Reference ;
+-------------+------------+-------+-------+------------+-----------------+
; led_out[*]  ; trigger    ; 5.689 ; 5.723 ; Fall       ; trigger         ;
;  led_out[0] ; trigger    ; 5.950 ; 6.103 ; Fall       ; trigger         ;
;  led_out[1] ; trigger    ; 5.689 ; 5.723 ; Fall       ; trigger         ;
;  led_out[2] ; trigger    ; 5.689 ; 5.723 ; Fall       ; trigger         ;
;  led_out[3] ; trigger    ; 6.040 ; 5.957 ; Fall       ; trigger         ;
;  led_out[4] ; trigger    ; 6.434 ; 6.426 ; Fall       ; trigger         ;
;  led_out[5] ; trigger    ; 7.557 ; 7.505 ; Fall       ; trigger         ;
;  led_out[6] ; trigger    ; 6.966 ; 7.012 ; Fall       ; trigger         ;
+-------------+------------+-------+-------+------------+-----------------+


---------------------------------------------
; Slow 1200mV 0C Model Metastability Report ;
---------------------------------------------
No synchronizer chains to report.


+------------------------------------+
; Fast 1200mV 0C Model Setup Summary ;
+---------+-------+------------------+
; Clock   ; Slack ; End Point TNS    ;
+---------+-------+------------------+
; trigger ; 0.420 ; 0.000            ;
+---------+-------+------------------+


+-----------------------------------+
; Fast 1200mV 0C Model Hold Summary ;
+---------+-------+-----------------+
; Clock   ; Slack ; End Point TNS   ;
+---------+-------+-----------------+
; trigger ; 0.199 ; 0.000           ;
+---------+-------+-----------------+


-----------------------------------------
; Fast 1200mV 0C Model Recovery Summary ;
-----------------------------------------
No paths to report.


----------------------------------------
; Fast 1200mV 0C Model Removal Summary ;
----------------------------------------
No paths to report.


+--------------------------------------------------+
; Fast 1200mV 0C Model Minimum Pulse Width Summary ;
+---------+--------+-------------------------------+
; Clock   ; Slack  ; End Point TNS                 ;
+---------+--------+-------------------------------+
; trigger ; -3.000 ; -10.134                       ;
+---------+--------+-------------------------------+


+-----------------------------------------------------------------------------------------------------------+
; Fast 1200mV 0C Model Setup: 'trigger'                                                                     ;
+-------+--------------+--------------+--------------+-------------+--------------+------------+------------+
; Slack ; From Node    ; To Node      ; Launch Clock ; Latch Clock ; Relationship ; Clock Skew ; Data Delay ;
+-------+--------------+--------------+--------------+-------------+--------------+------------+------------+
; 0.420 ; \always:i[0] ; codigo[0]    ; trigger      ; trigger     ; 1.000        ; -0.028     ; 0.559      ;
; 0.425 ; \always:i[2] ; \always:i[1] ; trigger      ; trigger     ; 1.000        ; -0.028     ; 0.554      ;
; 0.429 ; \always:i[1] ; codigo[2]    ; trigger      ; trigger     ; 1.000        ; -0.028     ; 0.550      ;
; 0.444 ; \always:i[1] ; \always:i[2] ; trigger      ; trigger     ; 1.000        ; -0.028     ; 0.535      ;
; 0.507 ; \always:i[1] ; codigo[1]    ; trigger      ; trigger     ; 1.000        ; -0.028     ; 0.472      ;
; 0.508 ; \always:i[0] ; \always:i[1] ; trigger      ; trigger     ; 1.000        ; -0.028     ; 0.471      ;
; 0.508 ; \always:i[1] ; codigo[0]    ; trigger      ; trigger     ; 1.000        ; -0.028     ; 0.471      ;
; 0.510 ; \always:i[0] ; \always:i[2] ; trigger      ; trigger     ; 1.000        ; -0.028     ; 0.469      ;
; 0.513 ; \always:i[0] ; codigo[2]    ; trigger      ; trigger     ; 1.000        ; -0.028     ; 0.466      ;
; 0.581 ; \always:i[2] ; codigo[2]    ; trigger      ; trigger     ; 1.000        ; -0.028     ; 0.398      ;
; 0.582 ; \always:i[2] ; codigo[1]    ; trigger      ; trigger     ; 1.000        ; -0.028     ; 0.397      ;
; 0.586 ; \always:i[2] ; codigo[0]    ; trigger      ; trigger     ; 1.000        ; -0.028     ; 0.393      ;
; 0.587 ; \always:i[2] ; \always:i[0] ; trigger      ; trigger     ; 1.000        ; -0.028     ; 0.392      ;
; 0.624 ; \always:i[0] ; \always:i[0] ; trigger      ; trigger     ; 1.000        ; -0.024     ; 0.359      ;
; 0.624 ; \always:i[1] ; \always:i[1] ; trigger      ; trigger     ; 1.000        ; -0.024     ; 0.359      ;
; 0.624 ; \always:i[2] ; \always:i[2] ; trigger      ; trigger     ; 1.000        ; -0.024     ; 0.359      ;
+-------+--------------+--------------+--------------+-------------+--------------+------------+------------+


+-----------------------------------------------------------------------------------------------------------+
; Fast 1200mV 0C Model Hold: 'trigger'                                                                      ;
+-------+--------------+--------------+--------------+-------------+--------------+------------+------------+
; Slack ; From Node    ; To Node      ; Launch Clock ; Latch Clock ; Relationship ; Clock Skew ; Data Delay ;
+-------+--------------+--------------+--------------+-------------+--------------+------------+------------+
; 0.199 ; \always:i[1] ; \always:i[1] ; trigger      ; trigger     ; 0.000        ; 0.024      ; 0.307      ;
; 0.206 ; \always:i[0] ; \always:i[0] ; trigger      ; trigger     ; 0.000        ; 0.024      ; 0.314      ;
; 0.206 ; \always:i[2] ; \always:i[2] ; trigger      ; trigger     ; 0.000        ; 0.024      ; 0.314      ;
; 0.218 ; \always:i[2] ; codigo[1]    ; trigger      ; trigger     ; 0.000        ; 0.028      ; 0.330      ;
; 0.219 ; \always:i[2] ; codigo[2]    ; trigger      ; trigger     ; 0.000        ; 0.028      ; 0.331      ;
; 0.222 ; \always:i[2] ; codigo[0]    ; trigger      ; trigger     ; 0.000        ; 0.028      ; 0.334      ;
; 0.222 ; \always:i[2] ; \always:i[0] ; trigger      ; trigger     ; 0.000        ; 0.028      ; 0.334      ;
; 0.278 ; \always:i[0] ; codigo[2]    ; trigger      ; trigger     ; 0.000        ; 0.028      ; 0.390      ;
; 0.278 ; \always:i[1] ; codigo[1]    ; trigger      ; trigger     ; 0.000        ; 0.028      ; 0.390      ;
; 0.278 ; \always:i[1] ; codigo[0]    ; trigger      ; trigger     ; 0.000        ; 0.028      ; 0.390      ;
; 0.285 ; \always:i[0] ; \always:i[2] ; trigger      ; trigger     ; 0.000        ; 0.028      ; 0.397      ;
; 0.286 ; \always:i[0] ; \always:i[1] ; trigger      ; trigger     ; 0.000        ; 0.028      ; 0.398      ;
; 0.318 ; \always:i[1] ; \always:i[2] ; trigger      ; trigger     ; 0.000        ; 0.028      ; 0.430      ;
; 0.331 ; \always:i[2] ; \always:i[1] ; trigger      ; trigger     ; 0.000        ; 0.028      ; 0.443      ;
; 0.338 ; \always:i[1] ; codigo[2]    ; trigger      ; trigger     ; 0.000        ; 0.028      ; 0.450      ;
; 0.348 ; \always:i[0] ; codigo[0]    ; trigger      ; trigger     ; 0.000        ; 0.028      ; 0.460      ;
+-------+--------------+--------------+--------------+-------------+--------------+------------+------------+


+-----------------------------------------------------------------------------------------------------+
; Fast 1200mV 0C Model Minimum Pulse Width: 'trigger'                                                 ;
+--------+--------------+----------------+------------------+---------+------------+------------------+
; Slack  ; Actual Width ; Required Width ; Type             ; Clock   ; Clock Edge ; Target           ;
+--------+--------------+----------------+------------------+---------+------------+------------------+
; -3.000 ; 1.000        ; 4.000          ; Port Rate        ; trigger ; Rise       ; trigger          ;
; -1.000 ; 1.000        ; 2.000          ; Min Period       ; trigger ; Fall       ; \always:i[0]     ;
; -1.000 ; 1.000        ; 2.000          ; Min Period       ; trigger ; Fall       ; \always:i[1]     ;
; -1.000 ; 1.000        ; 2.000          ; Min Period       ; trigger ; Fall       ; \always:i[2]     ;
; -1.000 ; 1.000        ; 2.000          ; Min Period       ; trigger ; Fall       ; codigo[0]        ;
; -1.000 ; 1.000        ; 2.000          ; Min Period       ; trigger ; Fall       ; codigo[1]        ;
; -1.000 ; 1.000        ; 2.000          ; Min Period       ; trigger ; Fall       ; codigo[2]        ;
; -0.189 ; 0.027        ; 0.216          ; High Pulse Width ; trigger ; Fall       ; \always:i[0]     ;
; -0.189 ; 0.027        ; 0.216          ; High Pulse Width ; trigger ; Fall       ; \always:i[1]     ;
; -0.189 ; 0.027        ; 0.216          ; High Pulse Width ; trigger ; Fall       ; \always:i[2]     ;
; -0.189 ; 0.027        ; 0.216          ; High Pulse Width ; trigger ; Fall       ; codigo[0]        ;
; -0.189 ; 0.027        ; 0.216          ; High Pulse Width ; trigger ; Fall       ; codigo[1]        ;
; -0.189 ; 0.027        ; 0.216          ; High Pulse Width ; trigger ; Fall       ; codigo[2]        ;
; 0.032  ; 0.032        ; 0.000          ; Low Pulse Width  ; trigger ; Rise       ; \always:i[0]|clk ;
; 0.032  ; 0.032        ; 0.000          ; Low Pulse Width  ; trigger ; Rise       ; \always:i[1]|clk ;
; 0.032  ; 0.032        ; 0.000          ; Low Pulse Width  ; trigger ; Rise       ; \always:i[2]|clk ;
; 0.032  ; 0.032        ; 0.000          ; Low Pulse Width  ; trigger ; Rise       ; codigo[0]|clk    ;
; 0.032  ; 0.032        ; 0.000          ; Low Pulse Width  ; trigger ; Rise       ; codigo[1]|clk    ;
; 0.032  ; 0.032        ; 0.000          ; Low Pulse Width  ; trigger ; Rise       ; codigo[2]|clk    ;
; 0.120  ; 0.120        ; 0.000          ; Low Pulse Width  ; trigger ; Rise       ; trigger~input|o  ;
; 0.500  ; 0.500        ; 0.000          ; High Pulse Width ; trigger ; Rise       ; trigger~input|i  ;
; 0.500  ; 0.500        ; 0.000          ; Low Pulse Width  ; trigger ; Rise       ; trigger~input|i  ;
; 0.788  ; 0.972        ; 0.184          ; Low Pulse Width  ; trigger ; Fall       ; \always:i[0]     ;
; 0.788  ; 0.972        ; 0.184          ; Low Pulse Width  ; trigger ; Fall       ; \always:i[1]     ;
; 0.788  ; 0.972        ; 0.184          ; Low Pulse Width  ; trigger ; Fall       ; \always:i[2]     ;
; 0.788  ; 0.972        ; 0.184          ; Low Pulse Width  ; trigger ; Fall       ; codigo[0]        ;
; 0.788  ; 0.972        ; 0.184          ; Low Pulse Width  ; trigger ; Fall       ; codigo[1]        ;
; 0.788  ; 0.972        ; 0.184          ; Low Pulse Width  ; trigger ; Fall       ; codigo[2]        ;
; 0.880  ; 0.880        ; 0.000          ; High Pulse Width ; trigger ; Rise       ; trigger~input|o  ;
; 0.966  ; 0.966        ; 0.000          ; High Pulse Width ; trigger ; Rise       ; \always:i[0]|clk ;
; 0.966  ; 0.966        ; 0.000          ; High Pulse Width ; trigger ; Rise       ; \always:i[1]|clk ;
; 0.966  ; 0.966        ; 0.000          ; High Pulse Width ; trigger ; Rise       ; \always:i[2]|clk ;
; 0.966  ; 0.966        ; 0.000          ; High Pulse Width ; trigger ; Rise       ; codigo[0]|clk    ;
; 0.966  ; 0.966        ; 0.000          ; High Pulse Width ; trigger ; Rise       ; codigo[1]|clk    ;
; 0.966  ; 0.966        ; 0.000          ; High Pulse Width ; trigger ; Rise       ; codigo[2]|clk    ;
+--------+--------------+----------------+------------------+---------+------------+------------------+


+-------------------------------------------------------------------------+
; Clock to Output Times                                                   ;
+-------------+------------+-------+-------+------------+-----------------+
; Data Port   ; Clock Port ; Rise  ; Fall  ; Clock Edge ; Clock Reference ;
+-------------+------------+-------+-------+------------+-----------------+
; led_out[*]  ; trigger    ; 5.918 ; 5.733 ; Fall       ; trigger         ;
;  led_out[0] ; trigger    ; 4.593 ; 4.464 ; Fall       ; trigger         ;
;  led_out[1] ; trigger    ; 4.328 ; 4.378 ; Fall       ; trigger         ;
;  led_out[2] ; trigger    ; 4.328 ; 4.378 ; Fall       ; trigger         ;
;  led_out[3] ; trigger    ; 4.554 ; 4.618 ; Fall       ; trigger         ;
;  led_out[4] ; trigger    ; 4.985 ; 4.841 ; Fall       ; trigger         ;
;  led_out[5] ; trigger    ; 5.918 ; 5.733 ; Fall       ; trigger         ;
;  led_out[6] ; trigger    ; 5.261 ; 5.046 ; Fall       ; trigger         ;
+-------------+------------+-------+-------+------------+-----------------+


+-------------------------------------------------------------------------+
; Minimum Clock to Output Times                                           ;
+-------------+------------+-------+-------+------------+-----------------+
; Data Port   ; Clock Port ; Rise  ; Fall  ; Clock Edge ; Clock Reference ;
+-------------+------------+-------+-------+------------+-----------------+
; led_out[*]  ; trigger    ; 3.980 ; 4.077 ; Fall       ; trigger         ;
;  led_out[0] ; trigger    ; 4.229 ; 4.207 ; Fall       ; trigger         ;
;  led_out[1] ; trigger    ; 3.980 ; 4.077 ; Fall       ; trigger         ;
;  led_out[2] ; trigger    ; 3.980 ; 4.077 ; Fall       ; trigger         ;
;  led_out[3] ; trigger    ; 4.181 ; 4.238 ; Fall       ; trigger         ;
;  led_out[4] ; trigger    ; 4.609 ; 4.457 ; Fall       ; trigger         ;
;  led_out[5] ; trigger    ; 5.542 ; 5.349 ; Fall       ; trigger         ;
;  led_out[6] ; trigger    ; 4.943 ; 4.752 ; Fall       ; trigger         ;
+-------------+------------+-------+-------+------------+-----------------+


---------------------------------------------
; Fast 1200mV 0C Model Metastability Report ;
---------------------------------------------
No synchronizer chains to report.


+------------------------------------------------------------------------------+
; Multicorner Timing Analysis Summary                                          ;
+------------------+--------+-------+----------+---------+---------------------+
; Clock            ; Setup  ; Hold  ; Recovery ; Removal ; Minimum Pulse Width ;
+------------------+--------+-------+----------+---------+---------------------+
; Worst-case Slack ; -0.047 ; 0.199 ; N/A      ; N/A     ; -3.000              ;
;  trigger         ; -0.047 ; 0.199 ; N/A      ; N/A     ; -3.000              ;
; Design-wide TNS  ; -0.116 ; 0.0   ; 0.0      ; 0.0     ; -10.134             ;
;  trigger         ; -0.116 ; 0.000 ; N/A      ; N/A     ; -10.134             ;
+------------------+--------+-------+----------+---------+---------------------+


+-------------------------------------------------------------------------+
; Clock to Output Times                                                   ;
+-------------+------------+-------+-------+------------+-----------------+
; Data Port   ; Clock Port ; Rise  ; Fall  ; Clock Edge ; Clock Reference ;
+-------------+------------+-------+-------+------------+-----------------+
; led_out[*]  ; trigger    ; 9.152 ; 9.004 ; Fall       ; trigger         ;
;  led_out[0] ; trigger    ; 7.278 ; 7.257 ; Fall       ; trigger         ;
;  led_out[1] ; trigger    ; 6.937 ; 6.924 ; Fall       ; trigger         ;
;  led_out[2] ; trigger    ; 6.937 ; 6.924 ; Fall       ; trigger         ;
;  led_out[3] ; trigger    ; 7.342 ; 7.315 ; Fall       ; trigger         ;
;  led_out[4] ; trigger    ; 7.841 ; 7.775 ; Fall       ; trigger         ;
;  led_out[5] ; trigger    ; 9.152 ; 9.004 ; Fall       ; trigger         ;
;  led_out[6] ; trigger    ; 8.354 ; 8.277 ; Fall       ; trigger         ;
+-------------+------------+-------+-------+------------+-----------------+


+-------------------------------------------------------------------------+
; Minimum Clock to Output Times                                           ;
+-------------+------------+-------+-------+------------+-----------------+
; Data Port   ; Clock Port ; Rise  ; Fall  ; Clock Edge ; Clock Reference ;
+-------------+------------+-------+-------+------------+-----------------+
; led_out[*]  ; trigger    ; 3.980 ; 4.077 ; Fall       ; trigger         ;
;  led_out[0] ; trigger    ; 4.229 ; 4.207 ; Fall       ; trigger         ;
;  led_out[1] ; trigger    ; 3.980 ; 4.077 ; Fall       ; trigger         ;
;  led_out[2] ; trigger    ; 3.980 ; 4.077 ; Fall       ; trigger         ;
;  led_out[3] ; trigger    ; 4.181 ; 4.238 ; Fall       ; trigger         ;
;  led_out[4] ; trigger    ; 4.609 ; 4.457 ; Fall       ; trigger         ;
;  led_out[5] ; trigger    ; 5.542 ; 5.349 ; Fall       ; trigger         ;
;  led_out[6] ; trigger    ; 4.943 ; 4.752 ; Fall       ; trigger         ;
+-------------+------------+-------+-------+------------+-----------------+


+------------------------------------------------------------------------------------------------------------------------------------------------------------------------------------------------------------------------------------------------------------------------------------------------------------------------------------------------------------------------------------------------------------------+
; Board Trace Model Assignments                                                                                                                                                                                                                                                                                                                                                                                    ;
+---------------+--------------+-------------------+-------------------------+-------------------------+---------------+---------------------+----------------+------------------+--------+------------------+------------------------+------------------------+--------------+---------------+-----------------+-------+---------------------+--------------------+---------------+-----------------+-------------+
; Pin           ; I/O Standard ; Near Tline Length ; Near Tline L per Length ; Near Tline C per Length ; Near Series R ; Near Differential R ; Near Pull-up R ; Near Pull-down R ; Near C ; Far Tline Length ; Far Tline L per Length ; Far Tline C per Length ; Far Series R ; Far Pull-up R ; Far Pull-down R ; Far C ; Termination Voltage ; Far Differential R ; EBD File Name ; EBD Signal Name ; EBD Far-end ;
+---------------+--------------+-------------------+-------------------------+-------------------------+---------------+---------------------+----------------+------------------+--------+------------------+------------------------+------------------------+--------------+---------------+-----------------+-------+---------------------+--------------------+---------------+-----------------+-------------+
; led_out[0]    ; 2.5 V        ; 0 in              ; 0 H/in                  ; 0 F/in                  ; short         ; -                   ; open           ; open             ; open   ; 0 in             ; 0 H/in                 ; 0 F/in                 ; short        ; open          ; open            ; open  ; 0 V                 ; -                  ; n/a           ; n/a             ; n/a         ;
; led_out[1]    ; 2.5 V        ; 0 in              ; 0 H/in                  ; 0 F/in                  ; short         ; -                   ; open           ; open             ; open   ; 0 in             ; 0 H/in                 ; 0 F/in                 ; short        ; open          ; open            ; open  ; 0 V                 ; -                  ; n/a           ; n/a             ; n/a         ;
; led_out[2]    ; 2.5 V        ; 0 in              ; 0 H/in                  ; 0 F/in                  ; short         ; -                   ; open           ; open             ; open   ; 0 in             ; 0 H/in                 ; 0 F/in                 ; short        ; open          ; open            ; open  ; 0 V                 ; -                  ; n/a           ; n/a             ; n/a         ;
; led_out[3]    ; 2.5 V        ; 0 in              ; 0 H/in                  ; 0 F/in                  ; short         ; -                   ; open           ; open             ; open   ; 0 in             ; 0 H/in                 ; 0 F/in                 ; short        ; open          ; open            ; open  ; 0 V                 ; -                  ; n/a           ; n/a             ; n/a         ;
; led_out[4]    ; 2.5 V        ; 0 in              ; 0 H/in                  ; 0 F/in                  ; short         ; -                   ; open           ; open             ; open   ; 0 in             ; 0 H/in                 ; 0 F/in                 ; short        ; open          ; open            ; open  ; 0 V                 ; -                  ; n/a           ; n/a             ; n/a         ;
; led_out[5]    ; 2.5 V        ; 0 in              ; 0 H/in                  ; 0 F/in                  ; short         ; -                   ; open           ; open             ; open   ; 0 in             ; 0 H/in                 ; 0 F/in                 ; short        ; open          ; open            ; open  ; 0 V                 ; -                  ; n/a           ; n/a             ; n/a         ;
; led_out[6]    ; 2.5 V        ; 0 in              ; 0 H/in                  ; 0 F/in                  ; short         ; -                   ; open           ; open             ; open   ; 0 in             ; 0 H/in                 ; 0 F/in                 ; short        ; open          ; open            ; open  ; 0 V                 ; -                  ; n/a           ; n/a             ; n/a         ;
; ~ALTERA_DCLK~ ; 2.5 V        ; 0 in              ; 0 H/in                  ; 0 F/in                  ; short         ; -                   ; open           ; open             ; open   ; 0 in             ; 0 H/in                 ; 0 F/in                 ; short        ; open          ; open            ; open  ; 0 V                 ; -                  ; n/a           ; n/a             ; n/a         ;
; ~ALTERA_nCEO~ ; 2.5 V        ; 0 in              ; 0 H/in                  ; 0 F/in                  ; short         ; -                   ; open           ; open             ; open   ; 0 in             ; 0 H/in                 ; 0 F/in                 ; short        ; open          ; open            ; open  ; 0 V                 ; -                  ; n/a           ; n/a             ; n/a         ;
+---------------+--------------+-------------------+-------------------------+-------------------------+---------------+---------------------+----------------+------------------+--------+------------------+------------------------+------------------------+--------------+---------------+-----------------+-------+---------------------+--------------------+---------------+-----------------+-------------+


+----------------------------------------------------------------------------+
; Input Transition Times                                                     ;
+-------------------------+--------------+-----------------+-----------------+
; Pin                     ; I/O Standard ; 10-90 Rise Time ; 90-10 Fall Time ;
+-------------------------+--------------+-----------------+-----------------+
; trigger                 ; 2.5 V        ; 2000 ps         ; 2000 ps         ;
; ~ALTERA_ASDO_DATA1~     ; 2.5 V        ; 2000 ps         ; 2000 ps         ;
; ~ALTERA_FLASH_nCE_nCSO~ ; 2.5 V        ; 2000 ps         ; 2000 ps         ;
; ~ALTERA_DATA0~          ; 2.5 V        ; 2000 ps         ; 2000 ps         ;
+-------------------------+--------------+-----------------+-----------------+


+--------------------------------------------------------------------------------------------------------------------------------------------------------------------------------------------------------------------------------------------------------------------------------------------------------------------------------------------------------------------------------------------------------------------------------------------------------------------------------------------------------------------------------------------------------------------------------------------------------------------------------------------------------------------------------------------+
; Signal Integrity Metrics (Slow 1200mv 0c Model)                                                                                                                                                                                                                                                                                                                                                                                                                                                                                                                                                                                                                                            ;
+---------------+--------------+---------------------+---------------------+------------------------------+------------------------------+---------------------+---------------------+--------------------------------------+--------------------------------------+-----------------------------+-----------------------------+----------------------------+----------------------------+-----------------------------+-----------------------------+--------------------+--------------------+-------------------------------------+-------------------------------------+----------------------------+----------------------------+---------------------------+---------------------------+
; Pin           ; I/O Standard ; Board Delay on Rise ; Board Delay on Fall ; Steady State Voh at FPGA Pin ; Steady State Vol at FPGA Pin ; Voh Max at FPGA Pin ; Vol Min at FPGA Pin ; Ringback Voltage on Rise at FPGA Pin ; Ringback Voltage on Fall at FPGA Pin ; 10-90 Rise Time at FPGA Pin ; 90-10 Fall Time at FPGA Pin ; Monotonic Rise at FPGA Pin ; Monotonic Fall at FPGA Pin ; Steady State Voh at Far-end ; Steady State Vol at Far-end ; Voh Max at Far-end ; Vol Min at Far-end ; Ringback Voltage on Rise at Far-end ; Ringback Voltage on Fall at Far-end ; 10-90 Rise Time at Far-end ; 90-10 Fall Time at Far-end ; Monotonic Rise at Far-end ; Monotonic Fall at Far-end ;
+---------------+--------------+---------------------+---------------------+------------------------------+------------------------------+---------------------+---------------------+--------------------------------------+--------------------------------------+-----------------------------+-----------------------------+----------------------------+----------------------------+-----------------------------+-----------------------------+--------------------+--------------------+-------------------------------------+-------------------------------------+----------------------------+----------------------------+---------------------------+---------------------------+
; led_out[0]    ; 2.5 V        ; 0 s                 ; 0 s                 ; 2.32 V                       ; 5.95e-09 V                   ; 2.38 V              ; -0.016 V            ; 0.22 V                               ; 0.025 V                              ; 3.06e-10 s                  ; 3.3e-10 s                   ; Yes                        ; Yes                        ; 2.32 V                      ; 5.95e-09 V                  ; 2.38 V             ; -0.016 V           ; 0.22 V                              ; 0.025 V                             ; 3.06e-10 s                 ; 3.3e-10 s                  ; Yes                       ; Yes                       ;
; led_out[1]    ; 2.5 V        ; 0 s                 ; 0 s                 ; 2.32 V                       ; 5.95e-09 V                   ; 2.38 V              ; -0.016 V            ; 0.22 V                               ; 0.025 V                              ; 3.06e-10 s                  ; 3.3e-10 s                   ; Yes                        ; Yes                        ; 2.32 V                      ; 5.95e-09 V                  ; 2.38 V             ; -0.016 V           ; 0.22 V                              ; 0.025 V                             ; 3.06e-10 s                 ; 3.3e-10 s                  ; Yes                       ; Yes                       ;
; led_out[2]    ; 2.5 V        ; 0 s                 ; 0 s                 ; 2.32 V                       ; 5.95e-09 V                   ; 2.38 V              ; -0.016 V            ; 0.22 V                               ; 0.025 V                              ; 3.06e-10 s                  ; 3.3e-10 s                   ; Yes                        ; Yes                        ; 2.32 V                      ; 5.95e-09 V                  ; 2.38 V             ; -0.016 V           ; 0.22 V                              ; 0.025 V                             ; 3.06e-10 s                 ; 3.3e-10 s                  ; Yes                       ; Yes                       ;
; led_out[3]    ; 2.5 V        ; 0 s                 ; 0 s                 ; 2.32 V                       ; 5.95e-09 V                   ; 2.38 V              ; -0.016 V            ; 0.22 V                               ; 0.025 V                              ; 3.06e-10 s                  ; 3.3e-10 s                   ; Yes                        ; Yes                        ; 2.32 V                      ; 5.95e-09 V                  ; 2.38 V             ; -0.016 V           ; 0.22 V                              ; 0.025 V                             ; 3.06e-10 s                 ; 3.3e-10 s                  ; Yes                       ; Yes                       ;
; led_out[4]    ; 2.5 V        ; 0 s                 ; 0 s                 ; 2.32 V                       ; 4.44e-09 V                   ; 2.38 V              ; -0.0145 V           ; 0.169 V                              ; 0.026 V                              ; 4.83e-10 s                  ; 4.71e-10 s                  ; Yes                        ; Yes                        ; 2.32 V                      ; 4.44e-09 V                  ; 2.38 V             ; -0.0145 V          ; 0.169 V                             ; 0.026 V                             ; 4.83e-10 s                 ; 4.71e-10 s                 ; Yes                       ; Yes                       ;
; led_out[5]    ; 2.5 V        ; 0 s                 ; 0 s                 ; 2.32 V                       ; 4.44e-09 V                   ; 2.33 V              ; -0.00624 V          ; 0.185 V                              ; 0.097 V                              ; 2.82e-09 s                  ; 2.56e-09 s                  ; No                         ; Yes                        ; 2.32 V                      ; 4.44e-09 V                  ; 2.33 V             ; -0.00624 V         ; 0.185 V                             ; 0.097 V                             ; 2.82e-09 s                 ; 2.56e-09 s                 ; No                        ; Yes                       ;
; led_out[6]    ; 2.5 V        ; 0 s                 ; 0 s                 ; 2.32 V                       ; 4.44e-09 V                   ; 2.39 V              ; -0.0265 V           ; 0.2 V                                ; 0.033 V                              ; 2.94e-10 s                  ; 3.12e-10 s                  ; Yes                        ; Yes                        ; 2.32 V                      ; 4.44e-09 V                  ; 2.39 V             ; -0.0265 V          ; 0.2 V                               ; 0.033 V                             ; 2.94e-10 s                 ; 3.12e-10 s                 ; Yes                       ; Yes                       ;
; ~ALTERA_DCLK~ ; 2.5 V        ; 0 s                 ; 0 s                 ; 2.32 V                       ; 3.45e-09 V                   ; 2.38 V              ; -0.0609 V           ; 0.148 V                              ; 0.095 V                              ; 2.82e-10 s                  ; 2.59e-10 s                  ; Yes                        ; Yes                        ; 2.32 V                      ; 3.45e-09 V                  ; 2.38 V             ; -0.0609 V          ; 0.148 V                             ; 0.095 V                             ; 2.82e-10 s                 ; 2.59e-10 s                 ; Yes                       ; Yes                       ;
; ~ALTERA_nCEO~ ; 2.5 V        ; 0 s                 ; 0 s                 ; 2.32 V                       ; 5.61e-09 V                   ; 2.38 V              ; -0.00274 V          ; 0.141 V                              ; 0.006 V                              ; 4.7e-10 s                   ; 6.02e-10 s                  ; Yes                        ; Yes                        ; 2.32 V                      ; 5.61e-09 V                  ; 2.38 V             ; -0.00274 V         ; 0.141 V                             ; 0.006 V                             ; 4.7e-10 s                  ; 6.02e-10 s                 ; Yes                       ; Yes                       ;
+---------------+--------------+---------------------+---------------------+------------------------------+------------------------------+---------------------+---------------------+--------------------------------------+--------------------------------------+-----------------------------+-----------------------------+----------------------------+----------------------------+-----------------------------+-----------------------------+--------------------+--------------------+-------------------------------------+-------------------------------------+----------------------------+----------------------------+---------------------------+---------------------------+


+--------------------------------------------------------------------------------------------------------------------------------------------------------------------------------------------------------------------------------------------------------------------------------------------------------------------------------------------------------------------------------------------------------------------------------------------------------------------------------------------------------------------------------------------------------------------------------------------------------------------------------------------------------------------------------------------+
; Signal Integrity Metrics (Slow 1200mv 85c Model)                                                                                                                                                                                                                                                                                                                                                                                                                                                                                                                                                                                                                                           ;
+---------------+--------------+---------------------+---------------------+------------------------------+------------------------------+---------------------+---------------------+--------------------------------------+--------------------------------------+-----------------------------+-----------------------------+----------------------------+----------------------------+-----------------------------+-----------------------------+--------------------+--------------------+-------------------------------------+-------------------------------------+----------------------------+----------------------------+---------------------------+---------------------------+
; Pin           ; I/O Standard ; Board Delay on Rise ; Board Delay on Fall ; Steady State Voh at FPGA Pin ; Steady State Vol at FPGA Pin ; Voh Max at FPGA Pin ; Vol Min at FPGA Pin ; Ringback Voltage on Rise at FPGA Pin ; Ringback Voltage on Fall at FPGA Pin ; 10-90 Rise Time at FPGA Pin ; 90-10 Fall Time at FPGA Pin ; Monotonic Rise at FPGA Pin ; Monotonic Fall at FPGA Pin ; Steady State Voh at Far-end ; Steady State Vol at Far-end ; Voh Max at Far-end ; Vol Min at Far-end ; Ringback Voltage on Rise at Far-end ; Ringback Voltage on Fall at Far-end ; 10-90 Rise Time at Far-end ; 90-10 Fall Time at Far-end ; Monotonic Rise at Far-end ; Monotonic Fall at Far-end ;
+---------------+--------------+---------------------+---------------------+------------------------------+------------------------------+---------------------+---------------------+--------------------------------------+--------------------------------------+-----------------------------+-----------------------------+----------------------------+----------------------------+-----------------------------+-----------------------------+--------------------+--------------------+-------------------------------------+-------------------------------------+----------------------------+----------------------------+---------------------------+---------------------------+
; led_out[0]    ; 2.5 V        ; 0 s                 ; 0 s                 ; 2.32 V                       ; 1.06e-06 V                   ; 2.36 V              ; -0.00724 V          ; 0.107 V                              ; 0.02 V                               ; 4.5e-10 s                   ; 4.25e-10 s                  ; Yes                        ; Yes                        ; 2.32 V                      ; 1.06e-06 V                  ; 2.36 V             ; -0.00724 V         ; 0.107 V                             ; 0.02 V                              ; 4.5e-10 s                  ; 4.25e-10 s                 ; Yes                       ; Yes                       ;
; led_out[1]    ; 2.5 V        ; 0 s                 ; 0 s                 ; 2.32 V                       ; 1.06e-06 V                   ; 2.36 V              ; -0.00724 V          ; 0.107 V                              ; 0.02 V                               ; 4.5e-10 s                   ; 4.25e-10 s                  ; Yes                        ; Yes                        ; 2.32 V                      ; 1.06e-06 V                  ; 2.36 V             ; -0.00724 V         ; 0.107 V                             ; 0.02 V                              ; 4.5e-10 s                  ; 4.25e-10 s                 ; Yes                       ; Yes                       ;
; led_out[2]    ; 2.5 V        ; 0 s                 ; 0 s                 ; 2.32 V                       ; 1.06e-06 V                   ; 2.36 V              ; -0.00724 V          ; 0.107 V                              ; 0.02 V                               ; 4.5e-10 s                   ; 4.25e-10 s                  ; Yes                        ; Yes                        ; 2.32 V                      ; 1.06e-06 V                  ; 2.36 V             ; -0.00724 V         ; 0.107 V                             ; 0.02 V                              ; 4.5e-10 s                  ; 4.25e-10 s                 ; Yes                       ; Yes                       ;
; led_out[3]    ; 2.5 V        ; 0 s                 ; 0 s                 ; 2.32 V                       ; 1.06e-06 V                   ; 2.36 V              ; -0.00724 V          ; 0.107 V                              ; 0.02 V                               ; 4.5e-10 s                   ; 4.25e-10 s                  ; Yes                        ; Yes                        ; 2.32 V                      ; 1.06e-06 V                  ; 2.36 V             ; -0.00724 V         ; 0.107 V                             ; 0.02 V                              ; 4.5e-10 s                  ; 4.25e-10 s                 ; Yes                       ; Yes                       ;
; led_out[4]    ; 2.5 V        ; 0 s                 ; 0 s                 ; 2.32 V                       ; 7.16e-07 V                   ; 2.35 V              ; -0.00832 V          ; 0.101 V                              ; 0.024 V                              ; 6.39e-10 s                  ; 6e-10 s                     ; Yes                        ; Yes                        ; 2.32 V                      ; 7.16e-07 V                  ; 2.35 V             ; -0.00832 V         ; 0.101 V                             ; 0.024 V                             ; 6.39e-10 s                 ; 6e-10 s                    ; Yes                       ; Yes                       ;
; led_out[5]    ; 2.5 V        ; 0 s                 ; 0 s                 ; 2.32 V                       ; 7.16e-07 V                   ; 2.33 V              ; -0.00349 V          ; 0.163 V                              ; 0.074 V                              ; 3.33e-09 s                  ; 3.14e-09 s                  ; Yes                        ; Yes                        ; 2.32 V                      ; 7.16e-07 V                  ; 2.33 V             ; -0.00349 V         ; 0.163 V                             ; 0.074 V                             ; 3.33e-09 s                 ; 3.14e-09 s                 ; Yes                       ; Yes                       ;
; led_out[6]    ; 2.5 V        ; 0 s                 ; 0 s                 ; 2.32 V                       ; 7.16e-07 V                   ; 2.36 V              ; -0.00476 V          ; 0.096 V                              ; 0.013 V                              ; 4.39e-10 s                  ; 4.15e-10 s                  ; Yes                        ; Yes                        ; 2.32 V                      ; 7.16e-07 V                  ; 2.36 V             ; -0.00476 V         ; 0.096 V                             ; 0.013 V                             ; 4.39e-10 s                 ; 4.15e-10 s                 ; Yes                       ; Yes                       ;
; ~ALTERA_DCLK~ ; 2.5 V        ; 0 s                 ; 0 s                 ; 2.32 V                       ; 5.74e-07 V                   ; 2.36 V              ; -0.0201 V           ; 0.072 V                              ; 0.033 V                              ; 4.04e-10 s                  ; 3.29e-10 s                  ; Yes                        ; Yes                        ; 2.32 V                      ; 5.74e-07 V                  ; 2.36 V             ; -0.0201 V          ; 0.072 V                             ; 0.033 V                             ; 4.04e-10 s                 ; 3.29e-10 s                 ; Yes                       ; Yes                       ;
; ~ALTERA_nCEO~ ; 2.5 V        ; 0 s                 ; 0 s                 ; 2.32 V                       ; 9.45e-07 V                   ; 2.35 V              ; -0.00643 V          ; 0.081 V                              ; 0.031 V                              ; 5.31e-10 s                  ; 7.59e-10 s                  ; Yes                        ; Yes                        ; 2.32 V                      ; 9.45e-07 V                  ; 2.35 V             ; -0.00643 V         ; 0.081 V                             ; 0.031 V                             ; 5.31e-10 s                 ; 7.59e-10 s                 ; Yes                       ; Yes                       ;
+---------------+--------------+---------------------+---------------------+------------------------------+------------------------------+---------------------+---------------------+--------------------------------------+--------------------------------------+-----------------------------+-----------------------------+----------------------------+----------------------------+-----------------------------+-----------------------------+--------------------+--------------------+-------------------------------------+-------------------------------------+----------------------------+----------------------------+---------------------------+---------------------------+


+--------------------------------------------------------------------------------------------------------------------------------------------------------------------------------------------------------------------------------------------------------------------------------------------------------------------------------------------------------------------------------------------------------------------------------------------------------------------------------------------------------------------------------------------------------------------------------------------------------------------------------------------------------------------------------------------+
; Signal Integrity Metrics (Fast 1200mv 0c Model)                                                                                                                                                                                                                                                                                                                                                                                                                                                                                                                                                                                                                                            ;
+---------------+--------------+---------------------+---------------------+------------------------------+------------------------------+---------------------+---------------------+--------------------------------------+--------------------------------------+-----------------------------+-----------------------------+----------------------------+----------------------------+-----------------------------+-----------------------------+--------------------+--------------------+-------------------------------------+-------------------------------------+----------------------------+----------------------------+---------------------------+---------------------------+
; Pin           ; I/O Standard ; Board Delay on Rise ; Board Delay on Fall ; Steady State Voh at FPGA Pin ; Steady State Vol at FPGA Pin ; Voh Max at FPGA Pin ; Vol Min at FPGA Pin ; Ringback Voltage on Rise at FPGA Pin ; Ringback Voltage on Fall at FPGA Pin ; 10-90 Rise Time at FPGA Pin ; 90-10 Fall Time at FPGA Pin ; Monotonic Rise at FPGA Pin ; Monotonic Fall at FPGA Pin ; Steady State Voh at Far-end ; Steady State Vol at Far-end ; Voh Max at Far-end ; Vol Min at Far-end ; Ringback Voltage on Rise at Far-end ; Ringback Voltage on Fall at Far-end ; 10-90 Rise Time at Far-end ; 90-10 Fall Time at Far-end ; Monotonic Rise at Far-end ; Monotonic Fall at Far-end ;
+---------------+--------------+---------------------+---------------------+------------------------------+------------------------------+---------------------+---------------------+--------------------------------------+--------------------------------------+-----------------------------+-----------------------------+----------------------------+----------------------------+-----------------------------+-----------------------------+--------------------+--------------------+-------------------------------------+-------------------------------------+----------------------------+----------------------------+---------------------------+---------------------------+
; led_out[0]    ; 2.5 V        ; 0 s                 ; 0 s                 ; 2.62 V                       ; 4.05e-08 V                   ; 2.72 V              ; -0.0349 V           ; 0.173 V                              ; 0.1 V                                ; 2.72e-10 s                  ; 2.69e-10 s                  ; Yes                        ; Yes                        ; 2.62 V                      ; 4.05e-08 V                  ; 2.72 V             ; -0.0349 V          ; 0.173 V                             ; 0.1 V                               ; 2.72e-10 s                 ; 2.69e-10 s                 ; Yes                       ; Yes                       ;
; led_out[1]    ; 2.5 V        ; 0 s                 ; 0 s                 ; 2.62 V                       ; 4.05e-08 V                   ; 2.72 V              ; -0.0349 V           ; 0.173 V                              ; 0.1 V                                ; 2.72e-10 s                  ; 2.69e-10 s                  ; Yes                        ; Yes                        ; 2.62 V                      ; 4.05e-08 V                  ; 2.72 V             ; -0.0349 V          ; 0.173 V                             ; 0.1 V                               ; 2.72e-10 s                 ; 2.69e-10 s                 ; Yes                       ; Yes                       ;
; led_out[2]    ; 2.5 V        ; 0 s                 ; 0 s                 ; 2.62 V                       ; 4.05e-08 V                   ; 2.72 V              ; -0.0349 V           ; 0.173 V                              ; 0.1 V                                ; 2.72e-10 s                  ; 2.69e-10 s                  ; Yes                        ; Yes                        ; 2.62 V                      ; 4.05e-08 V                  ; 2.72 V             ; -0.0349 V          ; 0.173 V                             ; 0.1 V                               ; 2.72e-10 s                 ; 2.69e-10 s                 ; Yes                       ; Yes                       ;
; led_out[3]    ; 2.5 V        ; 0 s                 ; 0 s                 ; 2.62 V                       ; 4.05e-08 V                   ; 2.72 V              ; -0.0349 V           ; 0.173 V                              ; 0.1 V                                ; 2.72e-10 s                  ; 2.69e-10 s                  ; Yes                        ; Yes                        ; 2.62 V                      ; 4.05e-08 V                  ; 2.72 V             ; -0.0349 V          ; 0.173 V                             ; 0.1 V                               ; 2.72e-10 s                 ; 2.69e-10 s                 ; Yes                       ; Yes                       ;
; led_out[4]    ; 2.5 V        ; 0 s                 ; 0 s                 ; 2.62 V                       ; 2.74e-08 V                   ; 2.71 V              ; -0.0317 V           ; 0.148 V                              ; 0.064 V                              ; 4.51e-10 s                  ; 4.15e-10 s                  ; No                         ; Yes                        ; 2.62 V                      ; 2.74e-08 V                  ; 2.71 V             ; -0.0317 V          ; 0.148 V                             ; 0.064 V                             ; 4.51e-10 s                 ; 4.15e-10 s                 ; No                        ; Yes                       ;
; led_out[5]    ; 2.5 V        ; 0 s                 ; 0 s                 ; 2.62 V                       ; 2.74e-08 V                   ; 2.64 V              ; -0.0117 V           ; 0.202 V                              ; 0.176 V                              ; 2.38e-09 s                  ; 2.22e-09 s                  ; No                         ; Yes                        ; 2.62 V                      ; 2.74e-08 V                  ; 2.64 V             ; -0.0117 V          ; 0.202 V                             ; 0.176 V                             ; 2.38e-09 s                 ; 2.22e-09 s                 ; No                        ; Yes                       ;
; led_out[6]    ; 2.5 V        ; 0 s                 ; 0 s                 ; 2.62 V                       ; 2.74e-08 V                   ; 2.73 V              ; -0.0384 V           ; 0.169 V                              ; 0.089 V                              ; 2.7e-10 s                   ; 2.62e-10 s                  ; Yes                        ; Yes                        ; 2.62 V                      ; 2.74e-08 V                  ; 2.73 V             ; -0.0384 V          ; 0.169 V                             ; 0.089 V                             ; 2.7e-10 s                  ; 2.62e-10 s                 ; Yes                       ; Yes                       ;
; ~ALTERA_DCLK~ ; 2.5 V        ; 0 s                 ; 0 s                 ; 2.62 V                       ; 2.22e-08 V                   ; 2.74 V              ; -0.06 V             ; 0.158 V                              ; 0.08 V                               ; 2.68e-10 s                  ; 2.19e-10 s                  ; Yes                        ; Yes                        ; 2.62 V                      ; 2.22e-08 V                  ; 2.74 V             ; -0.06 V            ; 0.158 V                             ; 0.08 V                              ; 2.68e-10 s                 ; 2.19e-10 s                 ; Yes                       ; Yes                       ;
; ~ALTERA_nCEO~ ; 2.5 V        ; 0 s                 ; 0 s                 ; 2.62 V                       ; 3.54e-08 V                   ; 2.7 V               ; -0.00943 V          ; 0.276 V                              ; 0.035 V                              ; 3.19e-10 s                  ; 4.99e-10 s                  ; No                         ; Yes                        ; 2.62 V                      ; 3.54e-08 V                  ; 2.7 V              ; -0.00943 V         ; 0.276 V                             ; 0.035 V                             ; 3.19e-10 s                 ; 4.99e-10 s                 ; No                        ; Yes                       ;
+---------------+--------------+---------------------+---------------------+------------------------------+------------------------------+---------------------+---------------------+--------------------------------------+--------------------------------------+-----------------------------+-----------------------------+----------------------------+----------------------------+-----------------------------+-----------------------------+--------------------+--------------------+-------------------------------------+-------------------------------------+----------------------------+----------------------------+---------------------------+---------------------------+


+-------------------------------------------------------------------+
; Setup Transfers                                                   ;
+------------+----------+----------+----------+----------+----------+
; From Clock ; To Clock ; RR Paths ; FR Paths ; RF Paths ; FF Paths ;
+------------+----------+----------+----------+----------+----------+
; trigger    ; trigger  ; 0        ; 0        ; 0        ; 16       ;
+------------+----------+----------+----------+----------+----------+
Entries labeled "false path" only account for clock-to-clock false paths and not path-based false paths. As a result, actual path counts may be lower than reported.


+-------------------------------------------------------------------+
; Hold Transfers                                                    ;
+------------+----------+----------+----------+----------+----------+
; From Clock ; To Clock ; RR Paths ; FR Paths ; RF Paths ; FF Paths ;
+------------+----------+----------+----------+----------+----------+
; trigger    ; trigger  ; 0        ; 0        ; 0        ; 16       ;
+------------+----------+----------+----------+----------+----------+
Entries labeled "false path" only account for clock-to-clock false paths and not path-based false paths. As a result, actual path counts may be lower than reported.


---------------
; Report TCCS ;
---------------
No dedicated SERDES Transmitter circuitry present in device or used in design


---------------
; Report RSKM ;
---------------
No dedicated SERDES Receiver circuitry present in device or used in design


+------------------------------------------------+
; Unconstrained Paths                            ;
+---------------------------------+-------+------+
; Property                        ; Setup ; Hold ;
+---------------------------------+-------+------+
; Illegal Clocks                  ; 0     ; 0    ;
; Unconstrained Clocks            ; 0     ; 0    ;
; Unconstrained Input Ports       ; 0     ; 0    ;
; Unconstrained Input Port Paths  ; 0     ; 0    ;
; Unconstrained Output Ports      ; 7     ; 7    ;
; Unconstrained Output Port Paths ; 20    ; 20   ;
+---------------------------------+-------+------+


+------------------------------------+
; TimeQuest Timing Analyzer Messages ;
+------------------------------------+
Info: *******************************************************************
Info: Running Quartus II 32-bit TimeQuest Timing Analyzer
    Info: Version 12.0 Build 263 08/02/2012 Service Pack 2 SJ Web Edition
    Info: Processing started: Sun Jan 13 14:30:30 2013
Info: Command: quartus_sta seteseg-DE0-Nano -c seteseg-de0
Info: qsta_default_script.tcl version: #2
Warning (20028): Parallel compilation is not licensed and has been disabled
Info (21077): Core supply voltage is 1.2V
Info (21077): Low junction temperature is 0 degrees C
Info (21077): High junction temperature is 85 degrees C
Critical Warning (332012): Synopsys Design Constraints File file not found: 'seteseg-de0.sdc'. A Synopsys Design Constraints File is required by the TimeQuest Timing Analyzer to get proper timing constraints. Without it, the Compiler will not properly optimize the design.
Info (332142): No user constrained base clocks found in the design. Calling "derive_clocks -period 1.0"
Info (332105): Deriving Clocks
    Info (332105): create_clock -period 1.000 -name trigger trigger
Info (332143): No user constrained clock uncertainty found in the design. Calling "derive_clock_uncertainty"
Info (332154): The derive_clock_uncertainty command did not apply clock uncertainty to any clock-to-clock transfers.
Info: Found TIMEQUEST_REPORT_SCRIPT_INCLUDE_DEFAULT_ANALYSIS = ON
Info: Analyzing Slow 1200mV 85C Model
Critical Warning (332148): Timing requirements not met
Info (332146): Worst-case setup slack is -0.047
    Info (332119):     Slack End Point TNS Clock 
    Info (332119): ========= ============= =====================
    Info (332119):    -0.047        -0.116 trigger 
Info (332146): Worst-case hold slack is 0.381
    Info (332119):     Slack End Point TNS Clock 
    Info (332119): ========= ============= =====================
    Info (332119):     0.381         0.000 trigger 
Info (332140): No Recovery paths to report
Info (332140): No Removal paths to report
Info (332146): Worst-case minimum pulse width slack is -3.000
    Info (332119):     Slack End Point TNS Clock 
    Info (332119): ========= ============= =====================
    Info (332119):    -3.000        -9.000 trigger 
Info: Analyzing Slow 1200mV 0C Model
Info (334003): Started post-fitting delay annotation
Info (334004): Delay annotation completed successfully
Info (332154): The derive_clock_uncertainty command did not apply clock uncertainty to any clock-to-clock transfers.
Info (332146): Worst-case setup slack is 0.077
    Info (332119):     Slack End Point TNS Clock 
    Info (332119): ========= ============= =====================
    Info (332119):     0.077         0.000 trigger 
Info (332146): Worst-case hold slack is 0.333
    Info (332119):     Slack End Point TNS Clock 
    Info (332119): ========= ============= =====================
    Info (332119):     0.333         0.000 trigger 
Info (332140): No Recovery paths to report
Info (332140): No Removal paths to report
Critical Warning (332148): Timing requirements not met
Info (332146): Worst-case minimum pulse width slack is -3.000
    Info (332119):     Slack End Point TNS Clock 
    Info (332119): ========= ============= =====================
    Info (332119):    -3.000        -9.000 trigger 
Info: Analyzing Fast 1200mV 0C Model
Info (332154): The derive_clock_uncertainty command did not apply clock uncertainty to any clock-to-clock transfers.
Info (332146): Worst-case setup slack is 0.420
    Info (332119):     Slack End Point TNS Clock 
    Info (332119): ========= ============= =====================
    Info (332119):     0.420         0.000 trigger 
Info (332146): Worst-case hold slack is 0.199
    Info (332119):     Slack End Point TNS Clock 
    Info (332119): ========= ============= =====================
    Info (332119):     0.199         0.000 trigger 
Info (332140): No Recovery paths to report
Info (332140): No Removal paths to report
Critical Warning (332148): Timing requirements not met
Info (332146): Worst-case minimum pulse width slack is -3.000
    Info (332119):     Slack End Point TNS Clock 
    Info (332119): ========= ============= =====================
    Info (332119):    -3.000       -10.134 trigger 
Info (332102): Design is not fully constrained for setup requirements
Info (332102): Design is not fully constrained for hold requirements
Info: Quartus II 32-bit TimeQuest Timing Analyzer was successful. 0 errors, 5 warnings
    Info: Peak virtual memory: 315 megabytes
    Info: Processing ended: Sun Jan 13 14:30:40 2013
    Info: Elapsed time: 00:00:10
    Info: Total CPU time (on all processors): 00:00:04


