Info: Start Nativelink Simulation process

========= EDA Simulation Settings =====================

Sim Mode              :  Gate
Family                :  cycloneiii
Quartus root          :  c:/developer-apps/altera/12.0sp2/quartus/bin/
Quartus sim root      :  c:/developer-apps/altera/12.0sp2/quartus/eda/sim_lib
Simulation Tool       :  modelsim
Simulation Language   :  vhdl
Version               :  93
Simulation Mode       :  GUI
Sim Output File       :  MUX4X1.vho
Sim SDF file          :  MUX4X1__vhdl.sdo
Sim dir               :  simulation\modelsim

=======================================================

Info: Starting NativeLink simulation with ModelSim software
Sourced NativeLink script c:/developer-apps/altera/12.0sp2/quartus/common/tcl/internal/nativelink/modelsim.tcl
Warning: File MUX4X1_run_msim_gate_vhdl.do already exists - backing up current file as MUX4X1_run_msim_gate_vhdl.do.bak3
Probing transcript
ModelSim Info: # Reading C:/Modeltech_pe_edu_10.1d/tcl/vsim/pref.tcl 
ModelSim Info: # do MUX4X1_run_msim_gate_vhdl.do 
ModelSim Info: # if ![file isdirectory vhdl_libs] {
ModelSim Info: # 	file mkdir vhdl_libs
ModelSim Info: # }
ModelSim Info: # 
ModelSim Info: # vlib vhdl_libs/altera
ModelSim Warning: # ** Warning: (vlib-34) Library already exists at "vhdl_libs/altera".
ModelSim Info: # 
ModelSim Info: # vmap altera ./vhdl_libs/altera
ModelSim Info: # Copying C:\Modeltech_pe_edu_10.1d\win32pe_edu/../modelsim.ini to modelsim.ini
ModelSim Info: # Modifying modelsim.ini
ModelSim Warning: # ** Warning: Copied C:\Modeltech_pe_edu_10.1d\win32pe_edu/../modelsim.ini to modelsim.ini.
ModelSim Info: #          Updated modelsim.ini.
ModelSim Info: # vcom -93 -work altera {c:/developer-apps/altera/12.0sp2/quartus/eda/sim_lib/altera_syn_attributes.vhd}
ModelSim Info: # Model Technology ModelSim PE Student Edition vcom 10.1d Compiler 2012.11 Nov  2 2012
ModelSim Info: # -- Loading package STANDARD
ModelSim Info: # -- Compiling package altera_syn_attributes
ModelSim Info: # vcom -93 -work altera {c:/developer-apps/altera/12.0sp2/quartus/eda/sim_lib/altera_standard_functions.vhd}
ModelSim Info: # Model Technology ModelSim PE Student Edition vcom 10.1d Compiler 2012.11 Nov  2 2012
ModelSim Info: # -- Loading package STANDARD
ModelSim Info: # -- Compiling package altera_standard_functions
ModelSim Info: # -- Compiling package body altera_standard_functions
ModelSim Info: # -- Loading package altera_standard_functions
ModelSim Info: # vcom -93 -work altera {c:/developer-apps/altera/12.0sp2/quartus/eda/sim_lib/alt_dspbuilder_package.vhd}
ModelSim Info: # Model Technology ModelSim PE Student Edition vcom 10.1d Compiler 2012.11 Nov  2 2012
ModelSim Info: # -- Loading package STANDARD
ModelSim Info: # -- Loading package TEXTIO
ModelSim Info: # -- Loading package std_logic_1164
ModelSim Info: # -- Loading package std_logic_arith
ModelSim Info: # -- Compiling package alt_dspbuilder_package
ModelSim Info: # -- Compiling package body alt_dspbuilder_package
ModelSim Info: # -- Loading package alt_dspbuilder_package
ModelSim Info: # vcom -93 -work altera {c:/developer-apps/altera/12.0sp2/quartus/eda/sim_lib/altera_europa_support_lib.vhd}
ModelSim Info: # Model Technology ModelSim PE Student Edition vcom 10.1d Compiler 2012.11 Nov  2 2012
ModelSim Info: # -- Loading package STANDARD
ModelSim Info: # -- Loading package TEXTIO
ModelSim Info: # -- Loading package std_logic_1164
ModelSim Info: # -- Loading package NUMERIC_STD
ModelSim Info: # -- Loading package std_logic_arith
ModelSim Info: # -- Loading package STD_LOGIC_UNSIGNED
ModelSim Info: # -- Compiling package altera_europa_support_lib
ModelSim Info: # -- Compiling package body altera_europa_support_lib
ModelSim Info: # -- Loading package altera_europa_support_lib
ModelSim Info: # vcom -93 -work altera {c:/developer-apps/altera/12.0sp2/quartus/eda/sim_lib/altera_primitives_components.vhd}
ModelSim Info: # Model Technology ModelSim PE Student Edition vcom 10.1d Compiler 2012.11 Nov  2 2012
ModelSim Info: # -- Loading package STANDARD
ModelSim Info: # -- Loading package TEXTIO
ModelSim Info: # -- Loading package std_logic_1164
ModelSim Info: # -- Loading package VITAL_Timing
ModelSim Info: # -- Loading package VITAL_Primitives
ModelSim Info: # -- Compiling package dffeas_pack
ModelSim Info: # -- Loading package dffeas_pack
ModelSim Info: # -- Compiling package altera_primitives_components
ModelSim Info: # vcom -93 -work altera {c:/developer-apps/altera/12.0sp2/quartus/eda/sim_lib/altera_primitives.vhd}
ModelSim Info: # Model Technology ModelSim PE Student Edition vcom 10.1d Compiler 2012.11 Nov  2 2012
ModelSim Info: # -- Loading package STANDARD
ModelSim Info: # -- Loading package TEXTIO
ModelSim Info: # -- Loading package std_logic_1164
ModelSim Info: # -- Compiling entity GLOBAL
ModelSim Info: # -- Compiling architecture BEHAVIOR of GLOBAL
ModelSim Info: # -- Compiling entity CARRY
ModelSim Info: # -- Compiling architecture BEHAVIOR of CARRY
ModelSim Info: # -- Compiling entity CASCADE
ModelSim Info: # -- Compiling architecture BEHAVIOR of CASCADE
ModelSim Info: # -- Compiling entity CARRY_SUM
ModelSim Info: # -- Compiling architecture BEHAVIOR of CARRY_SUM
ModelSim Info: # -- Compiling entity EXP
ModelSim Info: # -- Compiling architecture BEHAVIOR of EXP
ModelSim Info: # -- Compiling entity SOFT
ModelSim Info: # -- Compiling architecture BEHAVIOR of SOFT
ModelSim Info: # -- Compiling entity OPNDRN
ModelSim Info: # -- Compiling architecture BEHAVIOR of OPNDRN
ModelSim Info: # -- Compiling entity ROW_GLOBAL
ModelSim Info: # -- Compiling architecture BEHAVIOR of ROW_GLOBAL
ModelSim Info: # -- Compiling entity TRI
ModelSim Info: # -- Compiling architecture BEHAVIOR of TRI
ModelSim Info: # -- Compiling entity LUT_INPUT
ModelSim Info: # -- Compiling architecture BEHAVIOR of LUT_INPUT
ModelSim Info: # -- Compiling entity LUT_OUTPUT
ModelSim Info: # -- Compiling architecture BEHAVIOR of LUT_OUTPUT
ModelSim Info: # -- Compiling entity latch
ModelSim Info: # -- Compiling architecture BEHAVIOR of latch
ModelSim Info: # -- Compiling entity dlatch
ModelSim Info: # -- Compiling architecture BEHAVIOR of dlatch
ModelSim Info: # -- Compiling entity PRIM_GDFF
ModelSim Info: # -- Compiling architecture BEHAVIOR of PRIM_GDFF
ModelSim Info: # -- Loading entity PRIM_GDFF
ModelSim Info: # -- Compiling entity DFF
ModelSim Info: # -- Compiling architecture BEHAVIOR of DFF
ModelSim Info: # -- Compiling entity DFFE
ModelSim Info: # -- Compiling architecture BEHAVIOR of DFFE
ModelSim Info: # -- Compiling entity DFFEA
ModelSim Info: # -- Compiling architecture BEHAVIOR of DFFEA
ModelSim Info: # -- Loading package VITAL_Timing
ModelSim Info: # -- Loading package VITAL_Primitives
ModelSim Info: # -- Loading package dffeas_pack
ModelSim Info: # -- Compiling entity DFFEAS
ModelSim Info: # -- Compiling architecture vital_dffeas of dffeas
ModelSim Info: # -- Compiling entity PRIM_GTFF
ModelSim Info: # -- Compiling architecture BEHAVIOR of PRIM_GTFF
ModelSim Info: # -- Loading entity PRIM_GTFF
ModelSim Info: # -- Compiling entity TFF
ModelSim Info: # -- Compiling architecture BEHAVIOR of TFF
ModelSim Info: # -- Compiling entity TFFE
ModelSim Info: # -- Compiling architecture BEHAVIOR of TFFE
ModelSim Info: # -- Compiling entity PRIM_GJKFF
ModelSim Info: # -- Compiling architecture BEHAVIOR of PRIM_GJKFF
ModelSim Info: # -- Loading entity PRIM_GJKFF
ModelSim Info: # -- Compiling entity JKFF
ModelSim Info: # -- Compiling architecture BEHAVIOR of JKFF
ModelSim Info: # -- Compiling entity JKFFE
ModelSim Info: # -- Compiling architecture BEHAVIOR of JKFFE
ModelSim Info: # -- Compiling entity PRIM_GSRFF
ModelSim Info: # -- Compiling architecture BEHAVIOR of PRIM_GSRFF
ModelSim Info: # -- Loading entity PRIM_GSRFF
ModelSim Info: # -- Compiling entity SRFF
ModelSim Info: # -- Compiling architecture BEHAVIOR of SRFF
ModelSim Info: # -- Compiling entity SRFFE
ModelSim Info: # -- Compiling architecture BEHAVIOR of SRFFE
ModelSim Info: # -- Compiling entity clklock
ModelSim Info: # -- Compiling architecture behavior of clklock
ModelSim Info: # -- Compiling entity alt_inbuf
ModelSim Info: # -- Compiling architecture BEHAVIOR of alt_inbuf
ModelSim Info: # -- Compiling entity alt_outbuf
ModelSim Info: # -- Compiling architecture BEHAVIOR of alt_outbuf
ModelSim Info: # -- Compiling entity alt_outbuf_tri
ModelSim Info: # -- Compiling architecture BEHAVIOR of alt_outbuf_tri
ModelSim Info: # -- Compiling entity alt_iobuf
ModelSim Info: # -- Compiling architecture BEHAVIOR of alt_iobuf
ModelSim Info: # -- Compiling entity alt_inbuf_diff
ModelSim Info: # -- Compiling architecture BEHAVIOR of alt_inbuf_diff
ModelSim Info: # -- Compiling entity alt_outbuf_diff
ModelSim Info: # -- Compiling architecture BEHAVIOR of alt_outbuf_diff
ModelSim Info: # -- Compiling entity alt_outbuf_tri_diff
ModelSim Info: # -- Compiling architecture BEHAVIOR of alt_outbuf_tri_diff
ModelSim Info: # -- Compiling entity alt_iobuf_diff
ModelSim Info: # -- Compiling architecture BEHAVIOR of alt_iobuf_diff
ModelSim Info: # -- Compiling entity alt_bidir_diff
ModelSim Info: # -- Compiling architecture BEHAVIOR of alt_bidir_diff
ModelSim Info: # -- Compiling entity alt_bidir_buf
ModelSim Info: # -- Compiling architecture BEHAVIOR of alt_bidir_buf
ModelSim Info: # 
ModelSim Info: # vlib vhdl_libs/cycloneiii
ModelSim Warning: # ** Warning: (vlib-34) Library already exists at "vhdl_libs/cycloneiii".
ModelSim Info: # 
ModelSim Info: # vmap cycloneiii ./vhdl_libs/cycloneiii
ModelSim Info: # Modifying modelsim.ini
ModelSim Info: # vcom -93 -work cycloneiii {c:/developer-apps/altera/12.0sp2/quartus/eda/sim_lib/cycloneiii_atoms.vhd}
ModelSim Info: # Model Technology ModelSim PE Student Edition vcom 10.1d Compiler 2012.11 Nov  2 2012
ModelSim Info: # -- Loading package STANDARD
ModelSim Info: # -- Loading package TEXTIO
ModelSim Info: # -- Loading package std_logic_1164
ModelSim Info: # -- Loading package VITAL_Timing
ModelSim Info: # -- Loading package VITAL_Primitives
ModelSim Info: # -- Compiling package cycloneiii_atom_pack
ModelSim Info: # -- Compiling package body cycloneiii_atom_pack
ModelSim Info: # -- Loading package cycloneiii_atom_pack
ModelSim Info: # -- Compiling package cycloneiii_pllpack
ModelSim Info: # -- Compiling package body cycloneiii_pllpack
ModelSim Info: # -- Loading package cycloneiii_pllpack
ModelSim Info: # -- Loading package cycloneiii_atom_pack
ModelSim Info: # -- Compiling entity cycloneiii_dffe
ModelSim Info: # -- Compiling architecture behave of cycloneiii_dffe
ModelSim Info: # -- Compiling entity cycloneiii_mux21
ModelSim Info: # -- Compiling architecture AltVITAL of cycloneiii_mux21
ModelSim Info: # -- Compiling entity cycloneiii_mux41
ModelSim Info: # -- Compiling architecture AltVITAL of cycloneiii_mux41
ModelSim Info: # -- Compiling entity cycloneiii_and1
ModelSim Info: # -- Compiling architecture AltVITAL of cycloneiii_and1
ModelSim Info: # -- Compiling entity cycloneiii_lcell_comb
ModelSim Info: # -- Compiling architecture vital_lcell_comb of cycloneiii_lcell_comb
ModelSim Info: # -- Compiling entity cycloneiii_routing_wire
ModelSim Warning: # ** Warning: [6] c:/developer-apps/altera/12.0sp2/quartus/eda/sim_lib/cycloneiii_atoms.vhd(1639): (vcom-1288) VITAL timing generic "tpd_datainglitch_dataout" port specification "datainglitch" does not denote a port.
ModelSim Info: # 
ModelSim Info: # (1076.4 section 4.3.2.1.3)
ModelSim Info: # 
ModelSim Info: # -- Compiling architecture behave of cycloneiii_routing_wire
ModelSim Info: # -- Loading package std_logic_arith
ModelSim Info: # -- Loading package STD_LOGIC_UNSIGNED
ModelSim Info: # -- Compiling entity cycloneiii_mn_cntr
ModelSim Info: # -- Compiling architecture behave of cycloneiii_mn_cntr
ModelSim Info: # -- Compiling entity cycloneiii_scale_cntr
ModelSim Info: # -- Compiling architecture behave of cycloneiii_scale_cntr
ModelSim Info: # -- Compiling entity cycloneiii_pll_reg
ModelSim Info: # -- Compiling architecture behave of cycloneiii_pll_reg
ModelSim Info: # -- Loading package cycloneiii_pllpack
ModelSim Info: # -- Loading entity cycloneiii_mn_cntr
ModelSim Info: # -- Loading entity cycloneiii_scale_cntr
ModelSim Info: # -- Loading entity cycloneiii_dffe
ModelSim Info: # -- Loading entity cycloneiii_pll_reg
ModelSim Info: # -- Compiling entity cycloneiii_pll
ModelSim Info: # -- Compiling architecture vital_pll of cycloneiii_pll
ModelSim Info: # -- Loading entity cycloneiii_and1
ModelSim Info: # -- Compiling entity cycloneiii_ff
ModelSim Info: # -- Compiling architecture vital_lcell_ff of cycloneiii_ff
ModelSim Info: # -- Compiling entity cycloneiii_ram_register
ModelSim Info: # -- Compiling architecture reg_arch of cycloneiii_ram_register
ModelSim Info: # -- Compiling entity cycloneiii_ram_pulse_generator
ModelSim Info: # -- Compiling architecture pgen_arch of cycloneiii_ram_pulse_generator
ModelSim Info: # -- Loading entity cycloneiii_ram_register
ModelSim Info: # -- Loading entity cycloneiii_ram_pulse_generator
ModelSim Info: # -- Compiling entity cycloneiii_ram_block
ModelSim Info: # -- Compiling architecture block_arch of cycloneiii_ram_block
ModelSim Info: # -- Compiling entity cycloneiii_mac_data_reg
ModelSim Info: # -- Compiling architecture vital_cycloneiii_mac_data_reg of cycloneiii_mac_data_reg
ModelSim Info: # -- Compiling entity cycloneiii_mac_sign_reg
ModelSim Info: # -- Compiling architecture cycloneiii_mac_sign_reg of cycloneiii_mac_sign_reg
ModelSim Info: # -- Compiling entity cycloneiii_mac_mult_internal
ModelSim Info: # -- Compiling architecture vital_cycloneiii_mac_mult_internal of cycloneiii_mac_mult_internal
ModelSim Info: # -- Loading entity cycloneiii_mac_data_reg
ModelSim Info: # -- Loading entity cycloneiii_mac_sign_reg
ModelSim Info: # -- Loading entity cycloneiii_mac_mult_internal
ModelSim Info: # -- Compiling entity cycloneiii_mac_mult
ModelSim Info: # -- Compiling architecture vital_cycloneiii_mac_mult of cycloneiii_mac_mult
ModelSim Info: # -- Compiling entity cycloneiii_mac_out
ModelSim Info: # -- Compiling architecture vital_cycloneiii_mac_out of cycloneiii_mac_out
ModelSim Info: # -- Compiling entity cycloneiii_io_ibuf
ModelSim Info: # -- Compiling architecture arch of cycloneiii_io_ibuf
ModelSim Info: # -- Compiling entity cycloneiii_io_obuf
ModelSim Info: # -- Compiling architecture arch of cycloneiii_io_obuf
ModelSim Info: # -- Compiling entity cycloneiii_ddio_oe
ModelSim Info: # -- Compiling architecture arch of cycloneiii_ddio_oe
ModelSim Info: # -- Compiling entity cycloneiii_latch
ModelSim Info: # -- Compiling architecture vital_latch of cycloneiii_latch
ModelSim Info: # -- Compiling entity cycloneiii_ddio_out
ModelSim Info: # -- Compiling architecture arch of cycloneiii_ddio_out
ModelSim Info: # -- Compiling entity cycloneiii_pseudo_diff_out
ModelSim Info: # -- Compiling architecture arch of cycloneiii_pseudo_diff_out
ModelSim Info: # -- Compiling entity cycloneiii_io_pad
ModelSim Info: # -- Compiling architecture arch of cycloneiii_io_pad
ModelSim Info: # -- Compiling entity cycloneiii_ena_reg
ModelSim Info: # -- Compiling architecture behave of cycloneiii_ena_reg
ModelSim Info: # -- Loading entity cycloneiii_ena_reg
ModelSim Info: # -- Compiling entity cycloneiii_clkctrl
ModelSim Info: # -- Compiling architecture vital_clkctrl of cycloneiii_clkctrl
ModelSim Info: # -- Compiling entity cycloneiii_rublock
ModelSim Info: # -- Compiling architecture architecture_rublock of cycloneiii_rublock
ModelSim Info: # -- Compiling entity cycloneiii_apfcontroller
ModelSim Info: # -- Compiling architecture architecture_apfcontroller of cycloneiii_apfcontroller
ModelSim Info: # -- Compiling entity cycloneiii_termination
ModelSim Info: # -- Compiling architecture cycloneiii_termination_arch of cycloneiii_termination
ModelSim Info: # -- Compiling entity cycloneiii_jtag
ModelSim Info: # -- Compiling architecture architecture_jtag of cycloneiii_jtag
ModelSim Info: # -- Compiling entity cycloneiii_crcblock
ModelSim Info: # -- Compiling architecture architecture_crcblock of cycloneiii_crcblock
ModelSim Info: # -- Compiling entity cycloneiii_oscillator
ModelSim Info: # -- Compiling architecture architecture_oscillator of cycloneiii_oscillator
ModelSim Info: # vcom -93 -work cycloneiii {c:/developer-apps/altera/12.0sp2/quartus/eda/sim_lib/cycloneiii_components.vhd}
ModelSim Info: # Model Technology ModelSim PE Student Edition vcom 10.1d Compiler 2012.11 Nov  2 2012
ModelSim Info: # -- Loading package STANDARD
ModelSim Info: # -- Loading package TEXTIO
ModelSim Info: # -- Loading package std_logic_1164
ModelSim Info: # -- Loading package VITAL_Timing
ModelSim Info: # -- Loading package VITAL_Primitives
ModelSim Info: # -- Loading package cycloneiii_atom_pack
ModelSim Info: # -- Compiling package cycloneiii_components
ModelSim Info: # 
ModelSim Info: # if {[file exists gate_work]} {
ModelSim Info: # 	vdel -lib gate_work -all
ModelSim Info: # }
ModelSim Info: # vlib gate_work
ModelSim Info: # vmap work gate_work
ModelSim Info: # Modifying modelsim.ini
ModelSim Info: # 
ModelSim Info: # vcom -93 -work work {MUX4X1.vho}
ModelSim Info: # Model Technology ModelSim PE Student Edition vcom 10.1d Compiler 2012.11 Nov  2 2012
ModelSim Info: # -- Loading package STANDARD
ModelSim Info: # -- Loading package TEXTIO
ModelSim Info: # -- Loading package std_logic_1164
ModelSim Info: # -- Loading package VITAL_Timing
ModelSim Info: # -- Loading package VITAL_Primitives
ModelSim Info: # -- Loading package cycloneiii_atom_pack
ModelSim Info: # -- Loading package cycloneiii_components
ModelSim Info: # -- Compiling entity MUX4X1
ModelSim Info: # -- Compiling architecture structure of MUX4X1
ModelSim Info: # 
ModelSim Info: # vcom -93 -work work {C:/workspace/sistemasVLSI/Exercicio0/simulation/modelsim/MUX4X1.vht}
ModelSim Info: # Model Technology ModelSim PE Student Edition vcom 10.1d Compiler 2012.11 Nov  2 2012
ModelSim Info: # -- Loading package STANDARD
ModelSim Info: # -- Loading package TEXTIO
ModelSim Info: # -- Loading package std_logic_1164
ModelSim Info: # -- Compiling entity MUX4X1_vhd_tst
ModelSim Info: # -- Compiling architecture MUX4X1_arch of MUX4X1_vhd_tst
ModelSim Info: # 
ModelSim Info: # vsim -t 1ps +transport_int_delays +transport_path_delays -sdftyp /NA=MUX4X1_vhd.sdo -L altera -L cycloneiii -L gate_work -L work -voptargs="+acc"  MUX4X1
ModelSim Info: # //  ModelSim PE Student Edition 10.1d Nov  2 2012 
ModelSim Info: # //
ModelSim Info: # //  Copyright 1991-2012 Mentor Graphics Corporation
ModelSim Info: # //  All Rights Reserved.
ModelSim Info: # //
ModelSim Info: # //  THIS WORK CONTAINS TRADE SECRET AND PROPRIETARY INFORMATION
ModelSim Info: # //  WHICH IS THE PROPERTY OF MENTOR GRAPHICS CORPORATION OR ITS
ModelSim Info: # //  LICENSORS AND IS SUBJECT TO LICENSE TERMS.
ModelSim Info: # //
ModelSim Info: # // NOT FOR CORPORATE OR PRODUCTION USE.
ModelSim Info: # // THE ModelSim PE Student Edition IS NOT A SUPPORTED PRODUCT.
ModelSim Info: # // FOR HIGHER EDUCATION PURPOSES ONLY
ModelSim Info: # //
ModelSim Info: # vsim +transport_int_delays +transport_path_delays -L altera -L cycloneiii -L gate_work -L work -voptargs=\"+acc\" -sdftyp /NA=MUX4X1_vhd.sdo -t 1ps MUX4X1 
ModelSim Info: # Loading std.standard
ModelSim Info: # Loading std.textio(body)
ModelSim Info: # Loading ieee.std_logic_1164(body)
ModelSim Info: # Loading ieee.vital_timing(body)
ModelSim Info: # Loading ieee.vital_primitives(body)
ModelSim Info: # Loading cycloneiii.cycloneiii_atom_pack(body)
ModelSim Info: # Loading cycloneiii.cycloneiii_components
ModelSim Info: # Loading work.mux4x1(structure)
ModelSim Info: # SDF 10.1d Compiler 2012.11 Nov  2 2012
ModelSim Info: # 
ModelSim Info: # Loading cycloneiii.cycloneiii_io_ibuf(arch)
ModelSim Info: # Loading ieee.std_logic_arith(body)
ModelSim Info: # Loading cycloneiii.cycloneiii_io_obuf(arch)
ModelSim Info: # Loading cycloneiii.cycloneiii_lcell_comb(vital_lcell_comb)
ModelSim Info: # Loading instances from MUX4X1_vhd.sdo
ModelSim Error: # ** Error: (vsim-SDF-3250) MUX4X1_vhd.sdo(0): Failed to find INSTANCE '/NA'.
ModelSim Info: # 
ModelSim Error: # ** Error: (vsim-SDF-3894) : Errors occured in reading and resolving instances from compiled SDF file(s).
ModelSim Info: # 
ModelSim Error: # ** Error: (vsim-SDF-3250) MUX4X1_vhd.sdo(0): Failed to find INSTANCE '/NA'.
ModelSim Info: # 
ModelSim Info: # Error loading design
ModelSim Info: # Error: Error loading design 
ModelSim Info: #        Pausing macro execution 
ModelSim Info: # MACRO ./MUX4X1_run_msim_gate_vhdl.do PAUSED at line 30
Error: Errors encountered while running modelsim do file
Error: NativeLink simulation flow was NOT successful



================The following additional information is provided to help identify the cause of error while running nativelink scripts=================
Nativelink TCL script failed with errorCode:  1
Nativelink TCL script failed with errorInfo:  1
    (procedure "launch_sim" line 1)
    invoked from within
"launch_sim launch_args_hash"
    ("eval" body line 1)
    invoked from within
"eval launch_sim launch_args_hash"
    invoked from within
"if [ info exists ::errorCode ] {
				set savedCode $::errorCode
				set savedInfo $::errorInfo
				error $result $savedInfo $savedCode
			} else {
			..."
    invoked from within
"if [catch {eval launch_sim launch_args_hash} result ] {
			set status 1
			if [ info exists ::errorCode ] {
				set savedCode $::errorCode
				set sav..."
    (procedure "run_sim" line 78)
    invoked from within
"run_sim run_sim_args_hash"
    invoked from within
"if [ info exists ::errorCode ] {
			set savedCode $::errorCode
			set savedInfo $::errorInfo
			error "$result" $savedInfo $savedCode
		} else {
			er..."
    (procedure "run_eda_simulation_tool" line 330)
    invoked from within
"run_eda_simulation_tool eda_opts_hash"
