Flow report for MUX4X1
Thu Nov 22 13:32:30 2012
Quartus II 32-bit Version 12.0 Build 263 08/02/2012 Service Pack 2 SJ Web Edition


---------------------
; Table of Contents ;
---------------------
  1. Legal Notice
  2. Flow Summary
  3. Flow Settings
  4. Flow Non-Default Global Settings
  5. Flow Elapsed Time
  6. Flow OS Summary
  7. Flow Log



----------------
; Legal Notice ;
----------------
Copyright (C) 1991-2012 Altera Corporation
Your use of Altera Corporation's design tools, logic functions 
and other software and tools, and its AMPP partner logic 
functions, and any output files from any of the foregoing 
(including device programming or simulation files), and any 
associated documentation or information are expressly subject 
to the terms and conditions of the Altera Program License 
Subscription Agreement, Altera MegaCore Function License 
Agreement, or other applicable license agreement, including, 
without limitation, that your use is for the sole purpose of 
programming logic devices manufactured by Altera and sold by 
Altera or its authorized distributors.  Please refer to the 
applicable agreement for further details.



+------------------------------------------------------------------------------------+
; Flow Summary                                                                       ;
+------------------------------------+-----------------------------------------------+
; Flow Status                        ; Successful - Thu Nov 22 13:32:30 2012         ;
; Quartus II 32-bit Version          ; 12.0 Build 263 08/02/2012 SP 2 SJ Web Edition ;
; Revision Name                      ; MUX4X1                                        ;
; Top-level Entity Name              ; MUX4X1                                        ;
; Family                             ; Cyclone III                                   ;
; Total logic elements               ; 16 / 5,136 ( < 1 % )                          ;
;     Total combinational functions  ; 16 / 5,136 ( < 1 % )                          ;
;     Dedicated logic registers      ; 0 / 5,136 ( 0 % )                             ;
; Total registers                    ; 0                                             ;
; Total pins                         ; 42 / 183 ( 23 % )                             ;
; Total virtual pins                 ; 0                                             ;
; Total memory bits                  ; 0 / 423,936 ( 0 % )                           ;
; Embedded Multiplier 9-bit elements ; 0 / 46 ( 0 % )                                ;
; Total PLLs                         ; 0 / 2 ( 0 % )                                 ;
; Device                             ; EP3C5F256C6                                   ;
; Timing Models                      ; Final                                         ;
+------------------------------------+-----------------------------------------------+


+-----------------------------------------+
; Flow Settings                           ;
+-------------------+---------------------+
; Option            ; Setting             ;
+-------------------+---------------------+
; Start date & time ; 11/22/2012 13:31:52 ;
; Main task         ; Compilation         ;
; Revision Name     ; MUX4X1              ;
+-------------------+---------------------+


+-----------------------------------------------------------------------------------------------------------------------------------+
; Flow Non-Default Global Settings                                                                                                  ;
+--------------------------------------+--------------------------------+---------------+-------------+-----------------------------+
; Assignment Name                      ; Value                          ; Default Value ; Entity Name ; Section Id                  ;
+--------------------------------------+--------------------------------+---------------+-------------+-----------------------------+
; COMPILER_SIGNATURE_ID                ; 121370022648.135359831103264   ; --            ; --          ; --                          ;
; EDA_DESIGN_INSTANCE_NAME             ; NA                             ; --            ; --          ; MUX 4x1 TestBench           ;
; EDA_DESIGN_INSTANCE_NAME             ; NA                             ; --            ; --          ; default Moldelsim testbench ;
; EDA_NATIVELINK_SIMULATION_TEST_BENCH ; default Moldelsim testbench    ; --            ; --          ; eda_simulation              ;
; EDA_OUTPUT_DATA_FORMAT               ; Vhdl                           ; --            ; --          ; eda_simulation              ;
; EDA_RUN_TOOL_AUTOMATICALLY           ; On                             ; --            ; --          ; eda_simulation              ;
; EDA_SIMULATION_TOOL                  ; ModelSim (VHDL)                ; <None>        ; --          ; --                          ;
; EDA_TEST_BENCH_ENABLE_STATUS         ; TEST_BENCH_MODE                ; --            ; --          ; eda_simulation              ;
; EDA_TEST_BENCH_FILE                  ; MUX4X1_tb.vhd                  ; --            ; --          ; MUX 4x1 TestBench           ;
; EDA_TEST_BENCH_FILE                  ; simulation/modelsim/MUX4X1.vht ; --            ; --          ; default Moldelsim testbench ;
; EDA_TEST_BENCH_MODULE_NAME           ; MUX4X1                         ; --            ; --          ; MUX 4x1 TestBench           ;
; EDA_TEST_BENCH_MODULE_NAME           ; MUX4X1                         ; --            ; --          ; default Moldelsim testbench ;
; EDA_TEST_BENCH_NAME                  ; MUX 4x1 TestBench              ; --            ; --          ; eda_simulation              ;
; EDA_TEST_BENCH_NAME                  ; default Moldelsim testbench    ; --            ; --          ; eda_simulation              ;
; EDA_TEST_BENCH_RUN_SIM_FOR           ; 500 ns                         ; --            ; --          ; MUX 4x1 TestBench           ;
; EDA_TIME_SCALE                       ; 1 ps                           ; --            ; --          ; eda_simulation              ;
; PARTITION_COLOR                      ; 16764057                       ; --            ; --          ; Top                         ;
; PARTITION_FITTER_PRESERVATION_LEVEL  ; PLACEMENT_AND_ROUTING          ; --            ; --          ; Top                         ;
; PARTITION_NETLIST_TYPE               ; SOURCE                         ; --            ; --          ; Top                         ;
+--------------------------------------+--------------------------------+---------------+-------------+-----------------------------+


+-------------------------------------------------------------------------------------------------------------------------------+
; Flow Elapsed Time                                                                                                             ;
+---------------------------+--------------+-------------------------+---------------------+------------------------------------+
; Module Name               ; Elapsed Time ; Average Processors Used ; Peak Virtual Memory ; Total CPU Time (on all processors) ;
+---------------------------+--------------+-------------------------+---------------------+------------------------------------+
; Analysis & Synthesis      ; 00:00:04     ; 1.0                     ; 322 MB              ; 00:00:04                           ;
; Fitter                    ; 00:00:20     ; 1.0                     ; 383 MB              ; 00:00:19                           ;
; Assembler                 ; 00:00:05     ; 1.0                     ; 280 MB              ; 00:00:02                           ;
; TimeQuest Timing Analyzer ; 00:00:06     ; 1.0                     ; 287 MB              ; 00:00:04                           ;
; EDA Netlist Writer        ; 00:00:02     ; 1.0                     ; 258 MB              ; 00:00:02                           ;
; Total                     ; 00:00:37     ; --                      ; --                  ; 00:00:31                           ;
+---------------------------+--------------+-------------------------+---------------------+------------------------------------+


+----------------------------------------------------------------------------------------+
; Flow OS Summary                                                                        ;
+---------------------------+------------------+-----------+------------+----------------+
; Module Name               ; Machine Hostname ; OS Name   ; OS Version ; Processor type ;
+---------------------------+------------------+-----------+------------+----------------+
; Analysis & Synthesis      ; EDUARDOMARQ8CC2  ; Windows 7 ; 6.1        ; i686           ;
; Fitter                    ; EDUARDOMARQ8CC2  ; Windows 7 ; 6.1        ; i686           ;
; Assembler                 ; EDUARDOMARQ8CC2  ; Windows 7 ; 6.1        ; i686           ;
; TimeQuest Timing Analyzer ; EDUARDOMARQ8CC2  ; Windows 7 ; 6.1        ; i686           ;
; EDA Netlist Writer        ; EDUARDOMARQ8CC2  ; Windows 7 ; 6.1        ; i686           ;
+---------------------------+------------------+-----------+------------+----------------+


------------
; Flow Log ;
------------
quartus_map --read_settings_files=on --write_settings_files=off MUX4X1 -c MUX4X1
quartus_fit --read_settings_files=off --write_settings_files=off MUX4X1 -c MUX4X1
quartus_asm --read_settings_files=off --write_settings_files=off MUX4X1 -c MUX4X1
quartus_sta MUX4X1 -c MUX4X1
quartus_eda --read_settings_files=off --write_settings_files=off MUX4X1 -c MUX4X1



