Analysis & Synthesis report for timer_ctl
Sun Jan 27 13:17:16 2013
Quartus II 32-bit Version 12.0 Build 263 08/02/2012 Service Pack 2 SJ Web Edition


---------------------
; Table of Contents ;
---------------------
  1. Legal Notice
  2. Analysis & Synthesis Summary
  3. Analysis & Synthesis Settings
  4. Analysis & Synthesis Source Files Read
  5. Analysis & Synthesis Resource Usage Summary
  6. Analysis & Synthesis Resource Utilization by Entity
  7. User-Specified and Inferred Latches
  8. General Register Statistics
  9. Port Connectivity Checks: "clk_converter_60hz:clk_portmap"
 10. Elapsed Time Per Partition
 11. Analysis & Synthesis Messages



----------------
; Legal Notice ;
----------------
Copyright (C) 1991-2012 Altera Corporation
Your use of Altera Corporation's design tools, logic functions 
and other software and tools, and its AMPP partner logic 
functions, and any output files from any of the foregoing 
(including device programming or simulation files), and any 
associated documentation or information are expressly subject 
to the terms and conditions of the Altera Program License 
Subscription Agreement, Altera MegaCore Function License 
Agreement, or other applicable license agreement, including, 
without limitation, that your use is for the sole purpose of 
programming logic devices manufactured by Altera and sold by 
Altera or its authorized distributors.  Please refer to the 
applicable agreement for further details.



+------------------------------------------------------------------------------------+
; Analysis & Synthesis Summary                                                       ;
+------------------------------------+-----------------------------------------------+
; Analysis & Synthesis Status        ; Successful - Sun Jan 27 13:17:16 2013         ;
; Quartus II 32-bit Version          ; 12.0 Build 263 08/02/2012 SP 2 SJ Web Edition ;
; Revision Name                      ; timer_ctl                                     ;
; Top-level Entity Name              ; timer_ctl                                     ;
; Family                             ; Cyclone IV E                                  ;
; Total logic elements               ; 75                                            ;
;     Total combinational functions  ; 75                                            ;
;     Dedicated logic registers      ; 0                                             ;
; Total registers                    ; 0                                             ;
; Total pins                         ; 5                                             ;
; Total virtual pins                 ; 0                                             ;
; Total memory bits                  ; 0                                             ;
; Embedded Multiplier 9-bit elements ; 0                                             ;
; Total PLLs                         ; 0                                             ;
+------------------------------------+-----------------------------------------------+


+----------------------------------------------------------------------------------------------------------------------+
; Analysis & Synthesis Settings                                                                                        ;
+----------------------------------------------------------------------------+--------------------+--------------------+
; Option                                                                     ; Setting            ; Default Value      ;
+----------------------------------------------------------------------------+--------------------+--------------------+
; Device                                                                     ; EP4CE22F17C6       ;                    ;
; Top-level entity name                                                      ; timer_ctl          ; timer_ctl          ;
; Family name                                                                ; Cyclone IV E       ; Cyclone IV GX      ;
; Use smart compilation                                                      ; Off                ; Off                ;
; Enable parallel Assembler and TimeQuest Timing Analyzer during compilation ; On                 ; On                 ;
; Enable compact report table                                                ; Off                ; Off                ;
; Restructure Multiplexers                                                   ; Auto               ; Auto               ;
; Create Debugging Nodes for IP Cores                                        ; Off                ; Off                ;
; Preserve fewer node names                                                  ; On                 ; On                 ;
; Disable OpenCore Plus hardware evaluation                                  ; Off                ; Off                ;
; Verilog Version                                                            ; Verilog_2001       ; Verilog_2001       ;
; VHDL Version                                                               ; VHDL_1993          ; VHDL_1993          ;
; State Machine Processing                                                   ; Auto               ; Auto               ;
; Safe State Machine                                                         ; Off                ; Off                ;
; Extract Verilog State Machines                                             ; On                 ; On                 ;
; Extract VHDL State Machines                                                ; On                 ; On                 ;
; Ignore Verilog initial constructs                                          ; Off                ; Off                ;
; Iteration limit for constant Verilog loops                                 ; 5000               ; 5000               ;
; Iteration limit for non-constant Verilog loops                             ; 250                ; 250                ;
; Add Pass-Through Logic to Inferred RAMs                                    ; On                 ; On                 ;
; Infer RAMs from Raw Logic                                                  ; On                 ; On                 ;
; Parallel Synthesis                                                         ; On                 ; On                 ;
; DSP Block Balancing                                                        ; Auto               ; Auto               ;
; NOT Gate Push-Back                                                         ; On                 ; On                 ;
; Power-Up Don't Care                                                        ; On                 ; On                 ;
; Remove Redundant Logic Cells                                               ; Off                ; Off                ;
; Remove Duplicate Registers                                                 ; On                 ; On                 ;
; Ignore CARRY Buffers                                                       ; Off                ; Off                ;
; Ignore CASCADE Buffers                                                     ; Off                ; Off                ;
; Ignore GLOBAL Buffers                                                      ; Off                ; Off                ;
; Ignore ROW GLOBAL Buffers                                                  ; Off                ; Off                ;
; Ignore LCELL Buffers                                                       ; Off                ; Off                ;
; Ignore SOFT Buffers                                                        ; On                 ; On                 ;
; Limit AHDL Integers to 32 Bits                                             ; Off                ; Off                ;
; Optimization Technique                                                     ; Balanced           ; Balanced           ;
; Carry Chain Length                                                         ; 70                 ; 70                 ;
; Auto Carry Chains                                                          ; On                 ; On                 ;
; Auto Open-Drain Pins                                                       ; On                 ; On                 ;
; Perform WYSIWYG Primitive Resynthesis                                      ; Off                ; Off                ;
; Auto ROM Replacement                                                       ; On                 ; On                 ;
; Auto RAM Replacement                                                       ; On                 ; On                 ;
; Auto DSP Block Replacement                                                 ; On                 ; On                 ;
; Auto Shift Register Replacement                                            ; Auto               ; Auto               ;
; Allow Shift Register Merging across Hierarchies                            ; Auto               ; Auto               ;
; Auto Clock Enable Replacement                                              ; On                 ; On                 ;
; Strict RAM Replacement                                                     ; Off                ; Off                ;
; Allow Synchronous Control Signals                                          ; On                 ; On                 ;
; Force Use of Synchronous Clear Signals                                     ; Off                ; Off                ;
; Auto RAM Block Balancing                                                   ; On                 ; On                 ;
; Auto RAM to Logic Cell Conversion                                          ; Off                ; Off                ;
; Auto Resource Sharing                                                      ; Off                ; Off                ;
; Allow Any RAM Size For Recognition                                         ; Off                ; Off                ;
; Allow Any ROM Size For Recognition                                         ; Off                ; Off                ;
; Allow Any Shift Register Size For Recognition                              ; Off                ; Off                ;
; Use LogicLock Constraints during Resource Balancing                        ; On                 ; On                 ;
; Ignore translate_off and synthesis_off directives                          ; Off                ; Off                ;
; Timing-Driven Synthesis                                                    ; On                 ; On                 ;
; Report Parameter Settings                                                  ; On                 ; On                 ;
; Report Source Assignments                                                  ; On                 ; On                 ;
; Report Connectivity Checks                                                 ; On                 ; On                 ;
; Ignore Maximum Fan-Out Assignments                                         ; Off                ; Off                ;
; Synchronization Register Chain Length                                      ; 2                  ; 2                  ;
; PowerPlay Power Optimization                                               ; Normal compilation ; Normal compilation ;
; HDL message level                                                          ; Level2             ; Level2             ;
; Suppress Register Optimization Related Messages                            ; Off                ; Off                ;
; Number of Removed Registers Reported in Synthesis Report                   ; 5000               ; 5000               ;
; Number of Swept Nodes Reported in Synthesis Report                         ; 5000               ; 5000               ;
; Number of Inverted Registers Reported in Synthesis Report                  ; 100                ; 100                ;
; Clock MUX Protection                                                       ; On                 ; On                 ;
; Auto Gated Clock Conversion                                                ; Off                ; Off                ;
; Block Design Naming                                                        ; Auto               ; Auto               ;
; SDC constraint protection                                                  ; Off                ; Off                ;
; Synthesis Effort                                                           ; Auto               ; Auto               ;
; Shift Register Replacement - Allow Asynchronous Clear Signal               ; On                 ; On                 ;
; Analysis & Synthesis Message Level                                         ; Medium             ; Medium             ;
; Disable Register Merging Across Hierarchies                                ; Auto               ; Auto               ;
; Resource Aware Inference For Block RAM                                     ; On                 ; On                 ;
; Synthesis Seed                                                             ; 1                  ; 1                  ;
+----------------------------------------------------------------------------+--------------------+--------------------+


+------------------------------------------------------------------------------------------------------------------------------------------------------------+
; Analysis & Synthesis Source Files Read                                                                                                                     ;
+----------------------------------+-----------------+-----------------------+---------------------------------------------------------------------+---------+
; File Name with User-Entered Path ; Used in Netlist ; File Type             ; File Name with Absolute Path                                        ; Library ;
+----------------------------------+-----------------+-----------------------+---------------------------------------------------------------------+---------+
; timer_ctl.vhd                    ; yes             ; User VHDL File        ; Z:/workspace/mestrado/sistemasVLSI/timer_ctl/timer_ctl.vhd          ;         ;
; clk_converter_60hz.vhd           ; yes             ; Auto-Found VHDL File  ; Z:/workspace/mestrado/sistemasVLSI/timer_ctl/clk_converter_60hz.vhd ;         ;
+----------------------------------+-----------------+-----------------------+---------------------------------------------------------------------+---------+


+-----------------------------------------------------------------+
; Analysis & Synthesis Resource Usage Summary                     ;
+---------------------------------------------+-------------------+
; Resource                                    ; Usage             ;
+---------------------------------------------+-------------------+
; Estimated Total logic elements              ; 75                ;
;                                             ;                   ;
; Total combinational functions               ; 75                ;
; Logic element usage by number of LUT inputs ;                   ;
;     -- 4 input functions                    ; 41                ;
;     -- 3 input functions                    ; 4                 ;
;     -- <=2 input functions                  ; 30                ;
;                                             ;                   ;
; Logic elements by mode                      ;                   ;
;     -- normal mode                          ; 45                ;
;     -- arithmetic mode                      ; 30                ;
;                                             ;                   ;
; Total registers                             ; 0                 ;
;     -- Dedicated logic registers            ; 0                 ;
;     -- I/O registers                        ; 0                 ;
;                                             ;                   ;
; I/O pins                                    ; 5                 ;
; Maximum fan-out node                        ; timer_start~input ;
; Maximum fan-out                             ; 33                ;
; Total fan-out                               ; 241               ;
; Average fan-out                             ; 2.84              ;
+---------------------------------------------+-------------------+


+-----------------------------------------------------------------------------------------------------------------------------------------------------------------------------+
; Analysis & Synthesis Resource Utilization by Entity                                                                                                                         ;
+----------------------------+-------------------+--------------+-------------+--------------+---------+-----------+------+--------------+---------------------+--------------+
; Compilation Hierarchy Node ; LC Combinationals ; LC Registers ; Memory Bits ; DSP Elements ; DSP 9x9 ; DSP 18x18 ; Pins ; Virtual Pins ; Full Hierarchy Name ; Library Name ;
+----------------------------+-------------------+--------------+-------------+--------------+---------+-----------+------+--------------+---------------------+--------------+
; |timer_ctl                 ; 75 (75)           ; 0 (0)        ; 0           ; 0            ; 0       ; 0         ; 5    ; 0            ; |timer_ctl          ;              ;
+----------------------------+-------------------+--------------+-------------+--------------+---------+-----------+------+--------------+---------------------+--------------+
Note: For table entries with two numbers listed, the numbers in parentheses indicate the number of resources of the given type used by the specific entity alone. The numbers listed outside of parentheses indicate the total resources of the given type used by the specific entity and all of its sub-entities in the hierarchy.


+----------------------------------------------------------------------------------------------------+
; User-Specified and Inferred Latches                                                                ;
+-----------------------------------------------------+---------------------+------------------------+
; Latch Name                                          ; Latch Enable Signal ; Free of Timing Hazards ;
+-----------------------------------------------------+---------------------+------------------------+
; short_interval_tmp                                  ; short_interval_tmp  ; yes                    ;
; internal_counter[4]                                 ; timer_start         ; yes                    ;
; internal_counter[3]                                 ; timer_start         ; yes                    ;
; internal_counter[2]                                 ; timer_start         ; yes                    ;
; internal_counter[1]                                 ; timer_start         ; yes                    ;
; internal_counter[0]                                 ; timer_start         ; yes                    ;
; internal_counter[6]                                 ; timer_start         ; yes                    ;
; internal_counter[7]                                 ; timer_start         ; yes                    ;
; internal_counter[8]                                 ; timer_start         ; yes                    ;
; internal_counter[9]                                 ; timer_start         ; yes                    ;
; internal_counter[10]                                ; timer_start         ; yes                    ;
; internal_counter[11]                                ; timer_start         ; yes                    ;
; internal_counter[12]                                ; timer_start         ; yes                    ;
; internal_counter[13]                                ; timer_start         ; yes                    ;
; internal_counter[14]                                ; timer_start         ; yes                    ;
; internal_counter[15]                                ; timer_start         ; yes                    ;
; internal_counter[16]                                ; timer_start         ; yes                    ;
; internal_counter[17]                                ; timer_start         ; yes                    ;
; internal_counter[18]                                ; timer_start         ; yes                    ;
; internal_counter[19]                                ; timer_start         ; yes                    ;
; internal_counter[20]                                ; timer_start         ; yes                    ;
; internal_counter[21]                                ; timer_start         ; yes                    ;
; internal_counter[22]                                ; timer_start         ; yes                    ;
; internal_counter[23]                                ; timer_start         ; yes                    ;
; internal_counter[24]                                ; timer_start         ; yes                    ;
; internal_counter[25]                                ; timer_start         ; yes                    ;
; internal_counter[26]                                ; timer_start         ; yes                    ;
; internal_counter[27]                                ; timer_start         ; yes                    ;
; internal_counter[28]                                ; timer_start         ; yes                    ;
; internal_counter[29]                                ; timer_start         ; yes                    ;
; internal_counter[30]                                ; timer_start         ; yes                    ;
; internal_counter[31]                                ; timer_start         ; yes                    ;
; internal_counter[5]                                 ; timer_start         ; yes                    ;
; Number of user-specified and inferred latches = 33  ;                     ;                        ;
+-----------------------------------------------------+---------------------+------------------------+
Note: All latches listed above may not be present at the end of synthesis due to various synthesis optimizations.


+------------------------------------------------------+
; General Register Statistics                          ;
+----------------------------------------------+-------+
; Statistic                                    ; Value ;
+----------------------------------------------+-------+
; Total registers                              ; 0     ;
; Number of registers using Synchronous Clear  ; 0     ;
; Number of registers using Synchronous Load   ; 0     ;
; Number of registers using Asynchronous Clear ; 0     ;
; Number of registers using Asynchronous Load  ; 0     ;
; Number of registers using Clock Enable       ; 0     ;
; Number of registers using Preset             ; 0     ;
+----------------------------------------------+-------+


+--------------------------------------------------------------------------------------------------------------------+
; Port Connectivity Checks: "clk_converter_60hz:clk_portmap"                                                         ;
+----------+--------+----------+-------------------------------------------------------------------------------------+
; Port     ; Type   ; Severity ; Details                                                                             ;
+----------+--------+----------+-------------------------------------------------------------------------------------+
; clk_60hz ; Output ; Info     ; Connected to dangling logic. Logic that only feeds a dangling port will be removed. ;
+----------+--------+----------+-------------------------------------------------------------------------------------+


+-------------------------------+
; Elapsed Time Per Partition    ;
+----------------+--------------+
; Partition Name ; Elapsed Time ;
+----------------+--------------+
; Top            ; 00:00:03     ;
+----------------+--------------+


+-------------------------------+
; Analysis & Synthesis Messages ;
+-------------------------------+
Info: *******************************************************************
Info: Running Quartus II 32-bit Analysis & Synthesis
    Info: Version 12.0 Build 263 08/02/2012 Service Pack 2 SJ Web Edition
    Info: Processing started: Sun Jan 27 13:17:09 2013
Info: Command: quartus_map --read_settings_files=on --write_settings_files=off timer_ctl -c timer_ctl
Warning (20028): Parallel compilation is not licensed and has been disabled
Info (12021): Found 2 design units, including 1 entities, in source file timer_ctl.vhd
    Info (12022): Found design unit 1: timer_ctl-timer_behaviour
    Info (12023): Found entity 1: timer_ctl
Info (12127): Elaborating entity "timer_ctl" for the top level hierarchy
Warning (10541): VHDL Signal Declaration warning at timer_ctl.vhd(25): used implicit default value for signal "clk" because signal was never assigned a value or an explicit default value. Use of implicit default value may introduce unintended design optimizations.
Warning (10036): Verilog HDL or VHDL warning at timer_ctl.vhd(25): object "clk_60Hz" assigned a value but never read
Warning (10541): VHDL Signal Declaration warning at timer_ctl.vhd(25): used implicit default value for signal "reset" because signal was never assigned a value or an explicit default value. Use of implicit default value may introduce unintended design optimizations.
Warning (10492): VHDL Process Statement warning at timer_ctl.vhd(73): signal "internal_counter" is read inside the Process Statement but isn't in the Process Statement's sensitivity list
Warning (10492): VHDL Process Statement warning at timer_ctl.vhd(75): signal "internal_counter" is read inside the Process Statement but isn't in the Process Statement's sensitivity list
Warning (10492): VHDL Process Statement warning at timer_ctl.vhd(78): signal "internal_counter" is read inside the Process Statement but isn't in the Process Statement's sensitivity list
Warning (10492): VHDL Process Statement warning at timer_ctl.vhd(82): signal "short_interval_tmp" is read inside the Process Statement but isn't in the Process Statement's sensitivity list
Warning (10492): VHDL Process Statement warning at timer_ctl.vhd(83): signal "long_interval_tmp" is read inside the Process Statement but isn't in the Process Statement's sensitivity list
Warning (10631): VHDL Process Statement warning at timer_ctl.vhd(60): inferring latch(es) for signal or variable "short_interval_tmp", which holds its previous value in one or more paths through the process
Warning (10631): VHDL Process Statement warning at timer_ctl.vhd(60): inferring latch(es) for signal or variable "long_interval_tmp", which holds its previous value in one or more paths through the process
Warning (10631): VHDL Process Statement warning at timer_ctl.vhd(60): inferring latch(es) for signal or variable "internal_counter", which holds its previous value in one or more paths through the process
Warning (10631): VHDL Process Statement warning at timer_ctl.vhd(60): inferring latch(es) for signal or variable "start", which holds its previous value in one or more paths through the process
Info (10041): Inferred latch for "start" at timer_ctl.vhd(60)
Info (10041): Inferred latch for "internal_counter[0]" at timer_ctl.vhd(60)
Info (10041): Inferred latch for "internal_counter[1]" at timer_ctl.vhd(60)
Info (10041): Inferred latch for "internal_counter[2]" at timer_ctl.vhd(60)
Info (10041): Inferred latch for "internal_counter[3]" at timer_ctl.vhd(60)
Info (10041): Inferred latch for "internal_counter[4]" at timer_ctl.vhd(60)
Info (10041): Inferred latch for "internal_counter[5]" at timer_ctl.vhd(60)
Info (10041): Inferred latch for "internal_counter[6]" at timer_ctl.vhd(60)
Info (10041): Inferred latch for "internal_counter[7]" at timer_ctl.vhd(60)
Info (10041): Inferred latch for "internal_counter[8]" at timer_ctl.vhd(60)
Info (10041): Inferred latch for "internal_counter[9]" at timer_ctl.vhd(60)
Info (10041): Inferred latch for "internal_counter[10]" at timer_ctl.vhd(60)
Info (10041): Inferred latch for "internal_counter[11]" at timer_ctl.vhd(60)
Info (10041): Inferred latch for "internal_counter[12]" at timer_ctl.vhd(60)
Info (10041): Inferred latch for "internal_counter[13]" at timer_ctl.vhd(60)
Info (10041): Inferred latch for "internal_counter[14]" at timer_ctl.vhd(60)
Info (10041): Inferred latch for "internal_counter[15]" at timer_ctl.vhd(60)
Info (10041): Inferred latch for "internal_counter[16]" at timer_ctl.vhd(60)
Info (10041): Inferred latch for "internal_counter[17]" at timer_ctl.vhd(60)
Info (10041): Inferred latch for "internal_counter[18]" at timer_ctl.vhd(60)
Info (10041): Inferred latch for "internal_counter[19]" at timer_ctl.vhd(60)
Info (10041): Inferred latch for "internal_counter[20]" at timer_ctl.vhd(60)
Info (10041): Inferred latch for "internal_counter[21]" at timer_ctl.vhd(60)
Info (10041): Inferred latch for "internal_counter[22]" at timer_ctl.vhd(60)
Info (10041): Inferred latch for "internal_counter[23]" at timer_ctl.vhd(60)
Info (10041): Inferred latch for "internal_counter[24]" at timer_ctl.vhd(60)
Info (10041): Inferred latch for "internal_counter[25]" at timer_ctl.vhd(60)
Info (10041): Inferred latch for "internal_counter[26]" at timer_ctl.vhd(60)
Info (10041): Inferred latch for "internal_counter[27]" at timer_ctl.vhd(60)
Info (10041): Inferred latch for "internal_counter[28]" at timer_ctl.vhd(60)
Info (10041): Inferred latch for "internal_counter[29]" at timer_ctl.vhd(60)
Info (10041): Inferred latch for "internal_counter[30]" at timer_ctl.vhd(60)
Info (10041): Inferred latch for "internal_counter[31]" at timer_ctl.vhd(60)
Info (10041): Inferred latch for "long_interval_tmp" at timer_ctl.vhd(60)
Info (10041): Inferred latch for "short_interval_tmp" at timer_ctl.vhd(60)
Warning (12125): Using design file clk_converter_60hz.vhd, which is not specified as a design file for the current project, but contains definitions for 2 design units and 1 entities in project
    Info (12022): Found design unit 1: clk_converter_60hz-behaviour_clk_converter
    Info (12023): Found entity 1: clk_converter_60hz
Info (12128): Elaborating entity "clk_converter_60hz" for hierarchy "clk_converter_60hz:clk_portmap"
Warning (10492): VHDL Process Statement warning at clk_converter_60hz.vhd(29): signal "clock_tmp" is read inside the Process Statement but isn't in the Process Statement's sensitivity list
Warning (10492): VHDL Process Statement warning at clk_converter_60hz.vhd(38): signal "clock_tmp" is read inside the Process Statement but isn't in the Process Statement's sensitivity list
Warning (10631): VHDL Process Statement warning at clk_converter_60hz.vhd(22): inferring latch(es) for signal or variable "clock_tmp", which holds its previous value in one or more paths through the process
Info (10041): Inferred latch for "clock_tmp" at clk_converter_60hz.vhd(22)
Warning (13024): Output pins are stuck at VCC or GND
    Warning (13410): Pin "long_interval" is stuck at GND
Info (286030): Timing-Driven Synthesis is running
Info (16010): Generating hard_block partition "hard_block:auto_generated_inst"
    Info (16011): Adding 0 node(s), including 0 DDIO, 0 PLL, 0 transceiver and 0 LCELL
Warning (21074): Design contains 1 input pin(s) that do not drive logic
    Warning (15610): No output dependent on input pin "clock"
Info (21057): Implemented 80 device resources after synthesis - the final resource count might be different
    Info (21058): Implemented 3 input pins
    Info (21059): Implemented 2 output pins
    Info (21061): Implemented 75 logic cells
Info: Quartus II 32-bit Analysis & Synthesis was successful. 0 errors, 21 warnings
    Info: Peak virtual memory: 318 megabytes
    Info: Processing ended: Sun Jan 27 13:17:16 2013
    Info: Elapsed time: 00:00:07
    Info: Total CPU time (on all processors): 00:00:06


